{"/home/travis/build/npmtest/node-npmtest-winston-daily-rotate-file/test.js":{"path":"/home/travis/build/npmtest/node-npmtest-winston-daily-rotate-file/test.js","s":{"1":2,"2":2,"3":2,"4":2,"5":2,"6":2,"7":2,"8":1,"9":2,"10":2,"11":1,"12":1,"13":1,"14":1,"15":2,"16":2,"17":2,"18":2,"19":1,"20":1,"21":2,"22":2,"23":2,"24":1,"25":1,"26":1,"27":1,"28":1,"29":1,"30":1,"31":1,"32":1,"33":1,"34":1,"35":1,"36":1,"37":1,"38":1,"39":2,"40":2,"41":1,"42":2,"43":2,"44":1,"45":2,"46":2,"47":1,"48":2,"49":2,"50":1,"51":1,"52":1,"53":1,"54":1},"b":{"1":[2,1,1,1],"2":[1,1,1,1],"3":[1,1],"4":[1,1],"5":[1,1],"6":[1,1],"7":[1,1],"8":[1,1],"9":[1,1],"10":[1,1,1],"11":[1,1],"12":[1,1],"13":[1,1],"14":[1,1],"15":[1,1],"16":[1,1],"17":[1,1]},"f":{"1":2,"2":2,"3":2,"4":2,"5":2,"6":1,"7":1,"8":1,"9":2,"10":2,"11":2,"12":2,"13":1},"fnMap":{"1":{"name":"(anonymous_1)","line":12,"loc":{"start":{"line":12,"column":1},"end":{"line":12,"column":13}}},"2":{"name":"(anonymous_2)","line":19,"loc":{"start":{"line":19,"column":5},"end":{"line":19,"column":17}}},"3":{"name":"(anonymous_3)","line":23,"loc":{"start":{"line":23,"column":24},"end":{"line":23,"column":36}}},"4":{"name":"(anonymous_4)","line":61,"loc":{"start":{"line":61,"column":5},"end":{"line":61,"column":17}}},"5":{"name":"(anonymous_5)","line":82,"loc":{"start":{"line":82,"column":5},"end":{"line":82,"column":17}}},"6":{"name":"(anonymous_6)","line":91,"loc":{"start":{"line":91,"column":77},"end":{"line":94,"column":10}}},"7":{"name":"(anonymous_7)","line":112,"loc":{"start":{"line":112,"column":83},"end":{"line":115,"column":10}},"skip":true},"8":{"name":"(anonymous_8)","line":123,"loc":{"start":{"line":123,"column":77},"end":{"line":126,"column":10}},"skip":true},"9":{"name":"(anonymous_9)","line":139,"loc":{"start":{"line":139,"column":12},"end":{"line":139,"column":40}},"skip":true},"10":{"name":"(anonymous_10)","line":147,"loc":{"start":{"line":147,"column":77},"end":{"line":150,"column":10}},"skip":true},"11":{"name":"(anonymous_11)","line":158,"loc":{"start":{"line":158,"column":83},"end":{"line":161,"column":10}},"skip":true},"12":{"name":"(anonymous_12)","line":169,"loc":{"start":{"line":169,"column":79},"end":{"line":172,"column":10}},"skip":true},"13":{"name":"(anonymous_13)","line":180,"loc":{"start":{"line":180,"column":75},"end":{"line":183,"column":10}},"skip":true}},"statementMap":{"1":{"start":{"line":12,"column":0},"end":{"line":195,"column":5}},"2":{"start":{"line":14,"column":4},"end":{"line":14,"column":14}},"3":{"start":{"line":19,"column":4},"end":{"line":56,"column":9}},"4":{"start":{"line":21,"column":8},"end":{"line":21,"column":19}},"5":{"start":{"line":23,"column":8},"end":{"line":35,"column":13}},"6":{"start":{"line":24,"column":12},"end":{"line":34,"column":13}},"7":{"start":{"line":25,"column":16},"end":{"line":28,"column":30}},"8":{"start":{"line":30,"column":16},"end":{"line":33,"column":27}},"9":{"start":{"line":37,"column":8},"end":{"line":39,"column":21}},"10":{"start":{"line":40,"column":8},"end":{"line":53,"column":9}},"11":{"start":{"line":43,"column":12},"end":{"line":46,"column":14}},"12":{"start":{"line":47,"column":12},"end":{"line":47,"column":18}},"13":{"start":{"line":50,"column":12},"end":{"line":51,"column":46}},"14":{"start":{"line":52,"column":12},"end":{"line":52,"column":18}},"15":{"start":{"line":55,"column":8},"end":{"line":55,"column":35}},"16":{"start":{"line":61,"column":4},"end":{"line":63,"column":9}},"17":{"start":{"line":62,"column":8},"end":{"line":62,"column":15}},"18":{"start":{"line":64,"column":4},"end":{"line":77,"column":5}},"19":{"start":{"line":70,"column":8},"end":{"line":70,"column":14}},"20":{"start":{"line":76,"column":8},"end":{"line":76,"column":14}},"21":{"start":{"line":82,"column":4},"end":{"line":84,"column":9}},"22":{"start":{"line":83,"column":8},"end":{"line":83,"column":15}},"23":{"start":{"line":85,"column":4},"end":{"line":194,"column":5}},"24":{"start":{"line":91,"column":8},"end":{"line":99,"column":10}},"25":{"start":{"line":98,"column":12},"end":{"line":98,"column":35}},"26":{"start":{"line":102,"column":8},"end":{"line":104,"column":63}},"27":{"start":{"line":105,"column":8},"end":{"line":105,"column":14}},"28":{"start":{"line":112,"column":8},"end":{"line":121,"column":10},"skip":true},"29":{"start":{"line":119,"column":12},"end":{"line":119,"column":55},"skip":true},"30":{"start":{"line":120,"column":12},"end":{"line":120,"column":48},"skip":true},"31":{"start":{"line":123,"column":8},"end":{"line":136,"column":10},"skip":true},"32":{"start":{"line":130,"column":12},"end":{"line":130,"column":76},"skip":true},"33":{"start":{"line":131,"column":12},"end":{"line":131,"column":73},"skip":true},"34":{"start":{"line":132,"column":12},"end":{"line":132,"column":74},"skip":true},"35":{"start":{"line":133,"column":12},"end":{"line":133,"column":79},"skip":true},"36":{"start":{"line":134,"column":12},"end":{"line":134,"column":25},"skip":true},"37":{"start":{"line":135,"column":12},"end":{"line":135,"column":45},"skip":true},"38":{"start":{"line":138,"column":8},"end":{"line":145,"column":14},"skip":true},"39":{"start":{"line":143,"column":16},"end":{"line":143,"column":29},"skip":true},"40":{"start":{"line":144,"column":16},"end":{"line":144,"column":55},"skip":true},"41":{"start":{"line":147,"column":8},"end":{"line":156,"column":10},"skip":true},"42":{"start":{"line":154,"column":12},"end":{"line":154,"column":25},"skip":true},"43":{"start":{"line":155,"column":12},"end":{"line":155,"column":45},"skip":true},"44":{"start":{"line":158,"column":8},"end":{"line":167,"column":10},"skip":true},"45":{"start":{"line":165,"column":12},"end":{"line":165,"column":25},"skip":true},"46":{"start":{"line":166,"column":12},"end":{"line":166,"column":48},"skip":true},"47":{"start":{"line":169,"column":8},"end":{"line":178,"column":10},"skip":true},"48":{"start":{"line":176,"column":12},"end":{"line":176,"column":25},"skip":true},"49":{"start":{"line":177,"column":12},"end":{"line":177,"column":46},"skip":true},"50":{"start":{"line":180,"column":8},"end":{"line":189,"column":10},"skip":true},"51":{"start":{"line":187,"column":12},"end":{"line":187,"column":94},"skip":true},"52":{"start":{"line":188,"column":12},"end":{"line":188,"column":48},"skip":true},"53":{"start":{"line":192,"column":8},"end":{"line":192,"column":35},"skip":true},"54":{"start":{"line":193,"column":8},"end":{"line":193,"column":14},"skip":true}},"branchMap":{"1":{"line":25,"type":"binary-expr","locations":[{"start":{"line":25,"column":23},"end":{"line":25,"column":62}},{"start":{"line":26,"column":20},"end":{"line":26,"column":70}},{"start":{"line":27,"column":20},"end":{"line":27,"column":71}},{"start":{"line":28,"column":20},"end":{"line":28,"column":29}}]},"2":{"line":30,"type":"binary-expr","locations":[{"start":{"line":30,"column":23},"end":{"line":30,"column":37}},{"start":{"line":31,"column":20},"end":{"line":31,"column":61}},{"start":{"line":32,"column":20},"end":{"line":32,"column":70}},{"start":{"line":33,"column":20},"end":{"line":33,"column":26}}]},"3":{"line":37,"type":"cond-expr","locations":[{"start":{"line":38,"column":14},"end":{"line":38,"column":20}},{"start":{"line":39,"column":14},"end":{"line":39,"column":20}}]},"4":{"line":40,"type":"switch","locations":[{"start":{"line":42,"column":8},"end":{"line":47,"column":18}},{"start":{"line":49,"column":8},"end":{"line":52,"column":18}}]},"5":{"line":44,"type":"binary-expr","locations":[{"start":{"line":44,"column":16},"end":{"line":44,"column":44}},{"start":{"line":44,"column":48},"end":{"line":44,"column":66}}]},"6":{"line":50,"type":"binary-expr","locations":[{"start":{"line":50,"column":21},"end":{"line":50,"column":49}},{"start":{"line":50,"column":53},"end":{"line":50,"column":72}}]},"7":{"line":64,"type":"switch","locations":[{"start":{"line":69,"column":4},"end":{"line":70,"column":14}},{"start":{"line":75,"column":4},"end":{"line":76,"column":14}}]},"8":{"line":85,"type":"switch","locations":[{"start":{"line":90,"column":4},"end":{"line":105,"column":14}},{"start":{"line":111,"column":4},"end":{"line":193,"column":14},"skip":true}]},"9":{"line":91,"type":"binary-expr","locations":[{"start":{"line":91,"column":42},"end":{"line":91,"column":73}},{"start":{"line":91,"column":77},"end":{"line":99,"column":9}}]},"10":{"line":102,"type":"binary-expr","locations":[{"start":{"line":102,"column":18},"end":{"line":102,"column":32}},{"start":{"line":103,"column":12},"end":{"line":103,"column":53}},{"start":{"line":104,"column":12},"end":{"line":104,"column":61}}]},"11":{"line":112,"type":"binary-expr","locations":[{"start":{"line":112,"column":45},"end":{"line":112,"column":79},"skip":true},{"start":{"line":112,"column":83},"end":{"line":121,"column":9},"skip":true}]},"12":{"line":123,"type":"binary-expr","locations":[{"start":{"line":123,"column":42},"end":{"line":123,"column":73},"skip":true},{"start":{"line":123,"column":77},"end":{"line":136,"column":9},"skip":true}]},"13":{"line":138,"type":"binary-expr","locations":[{"start":{"line":138,"column":48},"end":{"line":138,"column":85},"skip":true},{"start":{"line":139,"column":12},"end":{"line":145,"column":13},"skip":true}]},"14":{"line":147,"type":"binary-expr","locations":[{"start":{"line":147,"column":42},"end":{"line":147,"column":73},"skip":true},{"start":{"line":147,"column":77},"end":{"line":156,"column":9},"skip":true}]},"15":{"line":158,"type":"binary-expr","locations":[{"start":{"line":158,"column":45},"end":{"line":158,"column":79},"skip":true},{"start":{"line":158,"column":83},"end":{"line":167,"column":9},"skip":true}]},"16":{"line":169,"type":"binary-expr","locations":[{"start":{"line":169,"column":43},"end":{"line":169,"column":75},"skip":true},{"start":{"line":169,"column":79},"end":{"line":178,"column":9},"skip":true}]},"17":{"line":180,"type":"binary-expr","locations":[{"start":{"line":180,"column":41},"end":{"line":180,"column":71},"skip":true},{"start":{"line":180,"column":75},"end":{"line":189,"column":9},"skip":true}]}},"code":["/* istanbul instrument in package npmtest_winston_daily_rotate_file */","/*jslint","    bitwise: true,","    browser: true,","    maxerr: 8,","    maxlen: 96,","    node: true,","    nomen: true,","    regexp: true,","    stupid: true","*/","(function () {","    'use strict';","    var local;","","","","    // run shared js-env code - pre-init","    (function () {","        // init local","        local = {};","        // init modeJs","        local.modeJs = (function () {","            try {","                return typeof navigator.userAgent === 'string' &&","                    typeof document.querySelector('body') === 'object' &&","                    typeof XMLHttpRequest.prototype.open === 'function' &&","                    'browser';","            } catch (errorCaughtBrowser) {","                return module.exports &&","                    typeof process.versions.node === 'string' &&","                    typeof require('http').createServer === 'function' &&","                    'node';","            }","        }());","        // init global","        local.global = local.modeJs === 'browser'","            ? window","            : global;","        switch (local.modeJs) {","        // re-init local from window.local","        case 'browser':","            local = local.global.utility2.objectSetDefault(","                local.global.utility2_rollup || local.global.local,","                local.global.utility2","            );","            break;","        // re-init local from example.js","        case 'node':","            local = (local.global.utility2_rollup || require('utility2'))","                .requireExampleJsFromReadme();","            break;","        }","        // export local","        local.global.local = local;","    }());","","","","    // run shared js-env code - function","    (function () {","        return;","    }());","    switch (local.modeJs) {","","","","    // run browser js-env code - function","    case 'browser':","        break;","","","","    // run node js-env code - function","    case 'node':","        break;","    }","","","","    // run shared js-env code - post-init","    (function () {","        return;","    }());","    switch (local.modeJs) {","","","","    // run browser js-env code - post-init","    case 'browser':","        local.testCase_browser_nullCase = local.testCase_browser_nullCase || function (","            options,","            onError","        ) {","        /*","         * this function will test browsers's null-case handling-behavior-behavior","         */","            onError(null, options);","        };","","        // run tests","        local.nop(local.modeTest &&","            document.querySelector('#testRunButton1') &&","            document.querySelector('#testRunButton1').click());","        break;","","","","    // run node js-env code - post-init","    /* istanbul ignore next */","    case 'node':","        local.testCase_buildApidoc_default = local.testCase_buildApidoc_default || function (","            options,","            onError","        ) {","        /*","         * this function will test buildApidoc's default handling-behavior-behavior","         */","            options = { modulePathList: module.paths };","            local.buildApidoc(options, onError);","        };","","        local.testCase_buildApp_default = local.testCase_buildApp_default || function (","            options,","            onError","        ) {","        /*","         * this function will test buildApp's default handling-behavior-behavior","         */","            local.testCase_buildReadme_default(options, local.onErrorThrow);","            local.testCase_buildLib_default(options, local.onErrorThrow);","            local.testCase_buildTest_default(options, local.onErrorThrow);","            local.testCase_buildCustomOrg_default(options, local.onErrorThrow);","            options = [];","            local.buildApp(options, onError);","        };","","        local.testCase_buildCustomOrg_default = local.testCase_buildCustomOrg_default ||","            function (options, onError) {","            /*","             * this function will test buildCustomOrg's default handling-behavior","             */","                options = {};","                local.buildCustomOrg(options, onError);","            };","","        local.testCase_buildLib_default = local.testCase_buildLib_default || function (","            options,","            onError","        ) {","        /*","         * this function will test buildLib's default handling-behavior","         */","            options = {};","            local.buildLib(options, onError);","        };","","        local.testCase_buildReadme_default = local.testCase_buildReadme_default || function (","            options,","            onError","        ) {","        /*","         * this function will test buildReadme's default handling-behavior-behavior","         */","            options = {};","            local.buildReadme(options, onError);","        };","","        local.testCase_buildTest_default = local.testCase_buildTest_default || function (","            options,","            onError","        ) {","        /*","         * this function will test buildTest's default handling-behavior","         */","            options = {};","            local.buildTest(options, onError);","        };","","        local.testCase_webpage_default = local.testCase_webpage_default || function (","            options,","            onError","        ) {","        /*","         * this function will test webpage's default handling-behavior","         */","            options = { modeCoverageMerge: true, url: local.serverLocalHost + '?modeTest=1' };","            local.browserTest(options, onError);","        };","","        // run test-server","        local.testRunServer(local);","        break;","    }","}());",""],"l":{"12":2,"14":2,"19":2,"21":2,"23":2,"24":2,"25":2,"30":1,"37":2,"40":2,"43":1,"47":1,"50":1,"52":1,"55":2,"61":2,"62":2,"64":2,"70":1,"76":1,"82":2,"83":2,"85":2,"91":1,"98":1,"102":1,"105":1,"112":1,"119":1,"120":1,"123":1,"130":1,"131":1,"132":1,"133":1,"134":1,"135":1,"138":1,"143":2,"144":2,"147":1,"154":2,"155":2,"158":1,"165":2,"166":2,"169":1,"176":2,"177":2,"180":1,"187":1,"188":1,"192":1,"193":1}},"/home/travis/build/npmtest/node-npmtest-winston-daily-rotate-file/lib.npmtest_winston_daily_rotate_file.js":{"path":"/home/travis/build/npmtest/node-npmtest-winston-daily-rotate-file/lib.npmtest_winston_daily_rotate_file.js","s":{"1":2,"2":2,"3":2,"4":2,"5":2,"6":2,"7":2,"8":1,"9":2,"10":2,"11":2,"12":2,"13":1,"14":1,"15":1,"16":1},"b":{"1":[2,1,1,1],"2":[1,1,1,1],"3":[1,1],"4":[2,2],"5":[1,1]},"f":{"1":2,"2":2,"3":2},"fnMap":{"1":{"name":"(anonymous_1)","line":12,"loc":{"start":{"line":12,"column":1},"end":{"line":12,"column":13}}},"2":{"name":"(anonymous_2)","line":19,"loc":{"start":{"line":19,"column":5},"end":{"line":19,"column":17}}},"3":{"name":"(anonymous_3)","line":23,"loc":{"start":{"line":23,"column":24},"end":{"line":23,"column":36}}}},"statementMap":{"1":{"start":{"line":12,"column":0},"end":{"line":53,"column":5}},"2":{"start":{"line":14,"column":4},"end":{"line":14,"column":14}},"3":{"start":{"line":19,"column":4},"end":{"line":52,"column":9}},"4":{"start":{"line":21,"column":8},"end":{"line":21,"column":19}},"5":{"start":{"line":23,"column":8},"end":{"line":35,"column":13}},"6":{"start":{"line":24,"column":12},"end":{"line":34,"column":13}},"7":{"start":{"line":25,"column":16},"end":{"line":28,"column":30}},"8":{"start":{"line":30,"column":16},"end":{"line":33,"column":27}},"9":{"start":{"line":37,"column":8},"end":{"line":39,"column":21}},"10":{"start":{"line":41,"column":8},"end":{"line":41,"column":54}},"11":{"start":{"line":43,"column":8},"end":{"line":43,"column":70}},"12":{"start":{"line":45,"column":8},"end":{"line":51,"column":9}},"13":{"start":{"line":46,"column":12},"end":{"line":46,"column":76}},"14":{"start":{"line":48,"column":12},"end":{"line":48,"column":35}},"15":{"start":{"line":49,"column":12},"end":{"line":49,"column":49}},"16":{"start":{"line":50,"column":12},"end":{"line":50,"column":43}}},"branchMap":{"1":{"line":25,"type":"binary-expr","locations":[{"start":{"line":25,"column":23},"end":{"line":25,"column":62}},{"start":{"line":26,"column":20},"end":{"line":26,"column":70}},{"start":{"line":27,"column":20},"end":{"line":27,"column":71}},{"start":{"line":28,"column":20},"end":{"line":28,"column":29}}]},"2":{"line":30,"type":"binary-expr","locations":[{"start":{"line":30,"column":23},"end":{"line":30,"column":37}},{"start":{"line":31,"column":20},"end":{"line":31,"column":61}},{"start":{"line":32,"column":20},"end":{"line":32,"column":70}},{"start":{"line":33,"column":20},"end":{"line":33,"column":26}}]},"3":{"line":37,"type":"cond-expr","locations":[{"start":{"line":38,"column":14},"end":{"line":38,"column":20}},{"start":{"line":39,"column":14},"end":{"line":39,"column":20}}]},"4":{"line":41,"type":"binary-expr","locations":[{"start":{"line":41,"column":16},"end":{"line":41,"column":44}},{"start":{"line":41,"column":48},"end":{"line":41,"column":53}}]},"5":{"line":45,"type":"if","locations":[{"start":{"line":45,"column":8},"end":{"line":45,"column":8}},{"start":{"line":45,"column":8},"end":{"line":45,"column":8}}]}},"code":["/* istanbul instrument in package npmtest_winston_daily_rotate_file */","/*jslint","    bitwise: true,","    browser: true,","    maxerr: 8,","    maxlen: 96,","    node: true,","    nomen: true,","    regexp: true,","    stupid: true","*/","(function () {","    'use strict';","    var local;","","","","    // run shared js-env code - pre-init","    (function () {","        // init local","        local = {};","        // init modeJs","        local.modeJs = (function () {","            try {","                return typeof navigator.userAgent === 'string' &&","                    typeof document.querySelector('body') === 'object' &&","                    typeof XMLHttpRequest.prototype.open === 'function' &&","                    'browser';","            } catch (errorCaughtBrowser) {","                return module.exports &&","                    typeof process.versions.node === 'string' &&","                    typeof require('http').createServer === 'function' &&","                    'node';","            }","        }());","        // init global","        local.global = local.modeJs === 'browser'","            ? window","            : global;","        // init utility2_rollup","        local = local.global.utility2_rollup || local;","        // init lib","        local.local = local.npmtest_winston_daily_rotate_file = local;","        // init exports","        if (local.modeJs === 'browser') {","            local.global.utility2_npmtest_winston_daily_rotate_file = local;","        } else {","            module.exports = local;","            module.exports.__dirname = __dirname;","            module.exports.module = module;","        }","    }());","}());",""],"l":{"12":2,"14":2,"19":2,"21":2,"23":2,"24":2,"25":2,"30":1,"37":2,"41":2,"43":2,"45":2,"46":1,"48":1,"49":1,"50":1}},"/home/travis/build/npmtest/node-npmtest-winston-daily-rotate-file/example.js":{"path":"/home/travis/build/npmtest/node-npmtest-winston-daily-rotate-file/example.js","s":{"1":2,"2":2,"3":2,"4":2,"5":2,"6":2,"7":2,"8":1,"9":2,"10":2,"11":2,"12":2,"13":1,"14":2,"15":2,"16":2,"17":2,"18":2,"19":0,"20":2,"21":1,"22":1,"23":1,"24":1,"25":1,"26":0,"27":0,"28":1,"29":1,"30":2,"31":0,"32":0,"33":0,"34":1,"35":2,"36":2,"37":3,"38":3,"39":3,"40":3,"41":0,"42":3,"43":3,"44":3,"45":1,"46":3,"47":1,"48":1,"49":1,"50":1,"51":1,"52":1,"53":1,"54":1,"55":1,"56":1,"57":0,"58":1,"59":6,"60":6,"61":1,"62":2,"63":0,"64":2,"65":1,"66":1,"67":0,"68":0,"69":0,"70":0,"71":0,"72":0,"73":0,"74":0,"75":0,"76":0,"77":0,"78":0,"79":0,"80":0,"81":0,"82":0,"83":0},"b":{"1":[2,1,1,1],"2":[1,1,1,1],"3":[1,1],"4":[2,2],"5":[1,1],"6":[1,1],"7":[2,0],"8":[2,1,1,1,1,1],"9":[0,2,0],"10":[1,1],"11":[2,1,1],"12":[1,0],"13":[0,2],"14":[2,0,0,0,0,0,0],"15":[0,3],"16":[3,0],"17":[1,1],"18":[0,1],"19":[1,2,0,2],"20":[1,0],"21":[1,1],"22":[0,0],"23":[0,0],"24":[0,0],"25":[0,0],"26":[0,0],"27":[0,0],"28":[0,0]},"f":{"1":2,"2":2,"3":2,"4":2,"5":2,"6":2,"7":3,"8":3,"9":3,"10":1,"11":6,"12":0},"fnMap":{"1":{"name":"(anonymous_1)","line":26,"loc":{"start":{"line":26,"column":1},"end":{"line":26,"column":13}}},"2":{"name":"(anonymous_2)","line":33,"loc":{"start":{"line":33,"column":5},"end":{"line":33,"column":17}}},"3":{"name":"(anonymous_3)","line":37,"loc":{"start":{"line":37,"column":24},"end":{"line":37,"column":36}}},"4":{"name":"(anonymous_4)","line":69,"loc":{"start":{"line":69,"column":31},"end":{"line":69,"column":48}},"skip":true},"5":{"name":"(anonymous_5)","line":78,"loc":{"start":{"line":78,"column":26},"end":{"line":78,"column":45}},"skip":true},"6":{"name":"(anonymous_6)","line":123,"loc":{"start":{"line":123,"column":33},"end":{"line":123,"column":48}},"skip":true},"7":{"name":"(anonymous_7)","line":125,"loc":{"start":{"line":125,"column":27},"end":{"line":125,"column":39}},"skip":true},"8":{"name":"(anonymous_8)","line":133,"loc":{"start":{"line":133,"column":59},"end":{"line":133,"column":74}},"skip":true},"9":{"name":"(anonymous_9)","line":143,"loc":{"start":{"line":143,"column":45},"end":{"line":143,"column":62}},"skip":true},"10":{"name":"(anonymous_10)","line":144,"loc":{"start":{"line":144,"column":73},"end":{"line":144,"column":92}},"skip":true},"11":{"name":"(anonymous_11)","line":272,"loc":{"start":{"line":272,"column":51},"end":{"line":272,"column":77}},"skip":true},"12":{"name":"(anonymous_12)","line":315,"loc":{"start":{"line":315,"column":32},"end":{"line":315,"column":61}},"skip":true}},"statementMap":{"1":{"start":{"line":26,"column":0},"end":{"line":326,"column":5}},"2":{"start":{"line":28,"column":4},"end":{"line":28,"column":14}},"3":{"start":{"line":33,"column":4},"end":{"line":60,"column":9}},"4":{"start":{"line":35,"column":8},"end":{"line":35,"column":19}},"5":{"start":{"line":37,"column":8},"end":{"line":49,"column":13}},"6":{"start":{"line":38,"column":12},"end":{"line":48,"column":13}},"7":{"start":{"line":39,"column":16},"end":{"line":42,"column":30}},"8":{"start":{"line":44,"column":16},"end":{"line":47,"column":27}},"9":{"start":{"line":51,"column":8},"end":{"line":53,"column":21}},"10":{"start":{"line":55,"column":8},"end":{"line":57,"column":45}},"11":{"start":{"line":59,"column":8},"end":{"line":59,"column":35}},"12":{"start":{"line":61,"column":4},"end":{"line":325,"column":5}},"13":{"start":{"line":69,"column":8},"end":{"line":121,"column":10},"skip":true},"14":{"start":{"line":70,"column":12},"end":{"line":88,"column":13},"skip":true},"15":{"start":{"line":76,"column":16},"end":{"line":87,"column":19},"skip":true},"16":{"start":{"line":79,"column":20},"end":{"line":86,"column":21},"skip":true},"17":{"start":{"line":82,"column":24},"end":{"line":82,"column":43},"skip":true},"18":{"start":{"line":83,"column":24},"end":{"line":83,"column":30},"skip":true},"19":{"start":{"line":85,"column":24},"end":{"line":85,"column":49},"skip":true},"20":{"start":{"line":89,"column":12},"end":{"line":107,"column":13},"skip":true},"21":{"start":{"line":92,"column":16},"end":{"line":102,"column":17},"skip":true},"22":{"start":{"line":93,"column":20},"end":{"line":93,"column":86},"skip":true},"23":{"start":{"line":94,"column":20},"end":{"line":95,"column":45},"skip":true},"24":{"start":{"line":96,"column":20},"end":{"line":96,"column":42},"skip":true},"25":{"start":{"line":97,"column":20},"end":{"line":97,"column":48},"skip":true},"26":{"start":{"line":100,"column":20},"end":{"line":100,"column":85},"skip":true},"27":{"start":{"line":101,"column":20},"end":{"line":101,"column":96},"skip":true},"28":{"start":{"line":103,"column":16},"end":{"line":103,"column":22},"skip":true},"29":{"start":{"line":106,"column":16},"end":{"line":106,"column":22},"skip":true},"30":{"start":{"line":108,"column":12},"end":{"line":120,"column":13},"skip":true},"31":{"start":{"line":114,"column":16},"end":{"line":119,"column":17},"skip":true},"32":{"start":{"line":116,"column":20},"end":{"line":116,"column":78},"skip":true},"33":{"start":{"line":118,"column":20},"end":{"line":118,"column":47},"skip":true},"34":{"start":{"line":123,"column":8},"end":{"line":141,"column":11},"skip":true},"35":{"start":{"line":124,"column":12},"end":{"line":124,"column":54},"skip":true},"36":{"start":{"line":125,"column":12},"end":{"line":140,"column":14},"skip":true},"37":{"start":{"line":126,"column":16},"end":{"line":126,"column":28},"skip":true},"38":{"start":{"line":127,"column":16},"end":{"line":127,"column":69},"skip":true},"39":{"start":{"line":128,"column":16},"end":{"line":128,"column":75},"skip":true},"40":{"start":{"line":129,"column":16},"end":{"line":131,"column":17},"skip":true},"41":{"start":{"line":130,"column":20},"end":{"line":130,"column":27},"skip":true},"42":{"start":{"line":133,"column":16},"end":{"line":137,"column":36},"skip":true},"43":{"start":{"line":134,"column":20},"end":{"line":136,"column":55},"skip":true},"44":{"start":{"line":139,"column":16},"end":{"line":139,"column":57},"skip":true},"45":{"start":{"line":143,"column":8},"end":{"line":147,"column":11},"skip":true},"46":{"start":{"line":144,"column":12},"end":{"line":146,"column":15},"skip":true},"47":{"start":{"line":145,"column":16},"end":{"line":145,"column":70},"skip":true},"48":{"start":{"line":149,"column":8},"end":{"line":149,"column":31},"skip":true},"49":{"start":{"line":150,"column":8},"end":{"line":150,"column":14},"skip":true},"50":{"start":{"line":158,"column":8},"end":{"line":158,"column":31},"skip":true},"51":{"start":{"line":160,"column":8},"end":{"line":160,"column":33},"skip":true},"52":{"start":{"line":161,"column":8},"end":{"line":161,"column":37},"skip":true},"53":{"start":{"line":162,"column":8},"end":{"line":162,"column":35},"skip":true},"54":{"start":{"line":164,"column":8},"end":{"line":164,"column":50},"skip":true},"55":{"start":{"line":166,"column":8},"end":{"line":256,"column":2},"skip":true},"56":{"start":{"line":258,"column":8},"end":{"line":286,"column":9},"skip":true},"57":{"start":{"line":259,"column":12},"end":{"line":269,"column":14},"skip":true},"58":{"start":{"line":271,"column":12},"end":{"line":285,"column":19},"skip":true},"59":{"start":{"line":274,"column":20},"end":{"line":274,"column":35},"skip":true},"60":{"start":{"line":275,"column":20},"end":{"line":284,"column":21},"skip":true},"61":{"start":{"line":277,"column":24},"end":{"line":277,"column":64},"skip":true},"62":{"start":{"line":279,"column":24},"end":{"line":279,"column":40},"skip":true},"63":{"start":{"line":281,"column":24},"end":{"line":281,"column":40},"skip":true},"64":{"start":{"line":283,"column":24},"end":{"line":283,"column":39},"skip":true},"65":{"start":{"line":288,"column":8},"end":{"line":290,"column":9},"skip":true},"66":{"start":{"line":289,"column":12},"end":{"line":289,"column":18},"skip":true},"67":{"start":{"line":291,"column":8},"end":{"line":293,"column":54},"skip":true},"68":{"start":{"line":296,"column":8},"end":{"line":301,"column":37},"skip":true},"69":{"start":{"line":303,"column":8},"end":{"line":303,"column":82},"skip":true},"70":{"start":{"line":306,"column":8},"end":{"line":308,"column":9},"skip":true},"71":{"start":{"line":307,"column":12},"end":{"line":307,"column":82},"skip":true},"72":{"start":{"line":310,"column":8},"end":{"line":312,"column":9},"skip":true},"73":{"start":{"line":311,"column":12},"end":{"line":311,"column":18},"skip":true},"74":{"start":{"line":313,"column":8},"end":{"line":313,"column":54},"skip":true},"75":{"start":{"line":314,"column":8},"end":{"line":314,"column":69},"skip":true},"76":{"start":{"line":315,"column":8},"end":{"line":323,"column":36},"skip":true},"77":{"start":{"line":316,"column":12},"end":{"line":316,"column":61},"skip":true},"78":{"start":{"line":317,"column":12},"end":{"line":320,"column":13},"skip":true},"79":{"start":{"line":318,"column":16},"end":{"line":318,"column":75},"skip":true},"80":{"start":{"line":319,"column":16},"end":{"line":319,"column":23},"skip":true},"81":{"start":{"line":321,"column":12},"end":{"line":321,"column":38},"skip":true},"82":{"start":{"line":322,"column":12},"end":{"line":322,"column":27},"skip":true},"83":{"start":{"line":324,"column":8},"end":{"line":324,"column":14},"skip":true}},"branchMap":{"1":{"line":39,"type":"binary-expr","locations":[{"start":{"line":39,"column":23},"end":{"line":39,"column":62}},{"start":{"line":40,"column":20},"end":{"line":40,"column":70}},{"start":{"line":41,"column":20},"end":{"line":41,"column":71}},{"start":{"line":42,"column":20},"end":{"line":42,"column":29}}]},"2":{"line":44,"type":"binary-expr","locations":[{"start":{"line":44,"column":23},"end":{"line":44,"column":37}},{"start":{"line":45,"column":20},"end":{"line":45,"column":61}},{"start":{"line":46,"column":20},"end":{"line":46,"column":70}},{"start":{"line":47,"column":20},"end":{"line":47,"column":26}}]},"3":{"line":51,"type":"cond-expr","locations":[{"start":{"line":52,"column":14},"end":{"line":52,"column":20}},{"start":{"line":53,"column":14},"end":{"line":53,"column":20}}]},"4":{"line":55,"type":"binary-expr","locations":[{"start":{"line":55,"column":16},"end":{"line":55,"column":44}},{"start":{"line":55,"column":49},"end":{"line":57,"column":43}}]},"5":{"line":55,"type":"cond-expr","locations":[{"start":{"line":56,"column":14},"end":{"line":56,"column":69}},{"start":{"line":57,"column":14},"end":{"line":57,"column":43}}]},"6":{"line":61,"type":"switch","locations":[{"start":{"line":68,"column":4},"end":{"line":150,"column":14},"skip":true},{"start":{"line":156,"column":4},"end":{"line":324,"column":14},"skip":true}]},"7":{"line":70,"type":"if","locations":[{"start":{"line":70,"column":12},"end":{"line":70,"column":12},"skip":true},{"start":{"line":70,"column":12},"end":{"line":70,"column":12},"skip":true}]},"8":{"line":70,"type":"binary-expr","locations":[{"start":{"line":70,"column":16},"end":{"line":70,"column":22},"skip":true},{"start":{"line":70,"column":27},"end":{"line":70,"column":32},"skip":true},{"start":{"line":71,"column":20},"end":{"line":71,"column":39},"skip":true},{"start":{"line":72,"column":20},"end":{"line":72,"column":49},"skip":true},{"start":{"line":73,"column":20},"end":{"line":73,"column":58},"skip":true},{"start":{"line":74,"column":20},"end":{"line":74,"column":69},"skip":true}]},"9":{"line":79,"type":"switch","locations":[{"start":{"line":80,"column":20},"end":{"line":80,"column":33},"skip":true},{"start":{"line":81,"column":20},"end":{"line":83,"column":30},"skip":true},{"start":{"line":84,"column":20},"end":{"line":85,"column":49},"skip":true}]},"10":{"line":89,"type":"switch","locations":[{"start":{"line":90,"column":12},"end":{"line":103,"column":22},"skip":true},{"start":{"line":105,"column":12},"end":{"line":106,"column":22},"skip":true}]},"11":{"line":89,"type":"binary-expr","locations":[{"start":{"line":89,"column":20},"end":{"line":89,"column":25},"skip":true},{"start":{"line":89,"column":29},"end":{"line":89,"column":48},"skip":true},{"start":{"line":89,"column":52},"end":{"line":89,"column":74},"skip":true}]},"12":{"line":92,"type":"if","locations":[{"start":{"line":92,"column":16},"end":{"line":92,"column":16},"skip":true},{"start":{"line":92,"column":16},"end":{"line":92,"column":16},"skip":true}]},"13":{"line":108,"type":"if","locations":[{"start":{"line":108,"column":12},"end":{"line":108,"column":12},"skip":true},{"start":{"line":108,"column":12},"end":{"line":108,"column":12},"skip":true}]},"14":{"line":108,"type":"binary-expr","locations":[{"start":{"line":108,"column":16},"end":{"line":108,"column":61},"skip":true},{"start":{"line":108,"column":66},"end":{"line":108,"column":72},"skip":true},{"start":{"line":108,"column":77},"end":{"line":108,"column":82},"skip":true},{"start":{"line":109,"column":20},"end":{"line":109,"column":39},"skip":true},{"start":{"line":110,"column":20},"end":{"line":110,"column":49},"skip":true},{"start":{"line":111,"column":20},"end":{"line":111,"column":58},"skip":true},{"start":{"line":112,"column":20},"end":{"line":112,"column":68},"skip":true}]},"15":{"line":129,"type":"if","locations":[{"start":{"line":129,"column":16},"end":{"line":129,"column":16},"skip":true},{"start":{"line":129,"column":16},"end":{"line":129,"column":16},"skip":true}]},"16":{"line":134,"type":"cond-expr","locations":[{"start":{"line":135,"column":26},"end":{"line":135,"column":29},"skip":true},{"start":{"line":136,"column":26},"end":{"line":136,"column":54},"skip":true}]},"17":{"line":164,"type":"binary-expr","locations":[{"start":{"line":164,"column":27},"end":{"line":164,"column":43},"skip":true},{"start":{"line":164,"column":47},"end":{"line":164,"column":49},"skip":true}]},"18":{"line":258,"type":"if","locations":[{"start":{"line":258,"column":8},"end":{"line":258,"column":8},"skip":true},{"start":{"line":258,"column":8},"end":{"line":258,"column":8},"skip":true}]},"19":{"line":275,"type":"switch","locations":[{"start":{"line":276,"column":20},"end":{"line":277,"column":64},"skip":true},{"start":{"line":278,"column":20},"end":{"line":279,"column":40},"skip":true},{"start":{"line":280,"column":20},"end":{"line":281,"column":40},"skip":true},{"start":{"line":282,"column":20},"end":{"line":283,"column":39},"skip":true}]},"20":{"line":288,"type":"if","locations":[{"start":{"line":288,"column":8},"end":{"line":288,"column":8},"skip":true},{"start":{"line":288,"column":8},"end":{"line":288,"column":8},"skip":true}]},"21":{"line":288,"type":"binary-expr","locations":[{"start":{"line":288,"column":12},"end":{"line":288,"column":40},"skip":true},{"start":{"line":288,"column":44},"end":{"line":288,"column":67},"skip":true}]},"22":{"line":292,"type":"binary-expr","locations":[{"start":{"line":292,"column":12},"end":{"line":292,"column":50},"skip":true},{"start":{"line":293,"column":12},"end":{"line":293,"column":53},"skip":true}]},"23":{"line":297,"type":"binary-expr","locations":[{"start":{"line":297,"column":12},"end":{"line":297,"column":83},"skip":true},{"start":{"line":298,"column":12},"end":{"line":301,"column":36},"skip":true}]},"24":{"line":303,"type":"binary-expr","locations":[{"start":{"line":303,"column":43},"end":{"line":303,"column":75},"skip":true},{"start":{"line":303,"column":79},"end":{"line":303,"column":81},"skip":true}]},"25":{"line":306,"type":"if","locations":[{"start":{"line":306,"column":8},"end":{"line":306,"column":8},"skip":true},{"start":{"line":306,"column":8},"end":{"line":306,"column":8},"skip":true}]},"26":{"line":310,"type":"if","locations":[{"start":{"line":310,"column":8},"end":{"line":310,"column":8},"skip":true},{"start":{"line":310,"column":8},"end":{"line":310,"column":8},"skip":true}]},"27":{"line":313,"type":"binary-expr","locations":[{"start":{"line":313,"column":27},"end":{"line":313,"column":43},"skip":true},{"start":{"line":313,"column":47},"end":{"line":313,"column":53},"skip":true}]},"28":{"line":317,"type":"if","locations":[{"start":{"line":317,"column":12},"end":{"line":317,"column":12},"skip":true},{"start":{"line":317,"column":12},"end":{"line":317,"column":12},"skip":true}]}},"code":["/*","example.js","","quickstart example","","instruction","    1. save this script as example.js","    2. run the shell command:","        $ npm install npmtest-winston-daily-rotate-file && PORT=8081 node example.js","    3. play with the browser-demo on http://127.0.0.1:8081","*/","","","","/* istanbul instrument in package npmtest_winston_daily_rotate_file */","/*jslint","    bitwise: true,","    browser: true,","    maxerr: 8,","    maxlen: 96,","    node: true,","    nomen: true,","    regexp: true,","    stupid: true","*/","(function () {","    'use strict';","    var local;","","","","    // run shared js-env code - pre-init","    (function () {","        // init local","        local = {};","        // init modeJs","        local.modeJs = (function () {","            try {","                return typeof navigator.userAgent === 'string' &&","                    typeof document.querySelector('body') === 'object' &&","                    typeof XMLHttpRequest.prototype.open === 'function' &&","                    'browser';","            } catch (errorCaughtBrowser) {","                return module.exports &&","                    typeof process.versions.node === 'string' &&","                    typeof require('http').createServer === 'function' &&","                    'node';","            }","        }());","        // init global","        local.global = local.modeJs === 'browser'","            ? window","            : global;","        // init utility2_rollup","        local = local.global.utility2_rollup || (local.modeJs === 'browser'","            ? local.global.utility2_npmtest_winston_daily_rotate_file","            : global.utility2_moduleExports);","        // export local","        local.global.local = local;","    }());","    switch (local.modeJs) {","","","","    // post-init","    // run browser js-env code - post-init","    /* istanbul ignore next */","    case 'browser':","        local.testRunBrowser = function (event) {","            if (!event || (event &&","                    event.currentTarget &&","                    event.currentTarget.className &&","                    event.currentTarget.className.includes &&","                    event.currentTarget.className.includes('onreset'))) {","                // reset output","                Array.from(","                    document.querySelectorAll('body > .resettable')","                ).forEach(function (element) {","                    switch (element.tagName) {","                    case 'INPUT':","                    case 'TEXTAREA':","                        element.value = '';","                        break;","                    default:","                        element.textContent = '';","                    }","                });","            }","            switch (event && event.currentTarget && event.currentTarget.id) {","            case 'testRunButton1':","                // show tests","                if (document.querySelector('#testReportDiv1').style.display === 'none') {","                    document.querySelector('#testReportDiv1').style.display = 'block';","                    document.querySelector('#testRunButton1').textContent =","                        'hide internal test';","                    local.modeTest = true;","                    local.testRunDefault(local);","                // hide tests","                } else {","                    document.querySelector('#testReportDiv1').style.display = 'none';","                    document.querySelector('#testRunButton1').textContent = 'run internal test';","                }","                break;","            // custom-case","            default:","                break;","            }","            if (document.querySelector('#inputTextareaEval1') && (!event || (event &&","                    event.currentTarget &&","                    event.currentTarget.className &&","                    event.currentTarget.className.includes &&","                    event.currentTarget.className.includes('oneval')))) {","                // try to eval input-code","                try {","                    /*jslint evil: true*/","                    eval(document.querySelector('#inputTextareaEval1').value);","                } catch (errorCaught) {","                    console.error(errorCaught);","                }","            }","        };","        // log stderr and stdout to #outputTextareaStdout1","        ['error', 'log'].forEach(function (key) {","            console[key + '_original'] = console[key];","            console[key] = function () {","                var element;","                console[key + '_original'].apply(console, arguments);","                element = document.querySelector('#outputTextareaStdout1');","                if (!element) {","                    return;","                }","                // append text to #outputTextareaStdout1","                element.value += Array.from(arguments).map(function (arg) {","                    return typeof arg === 'string'","                        ? arg","                        : JSON.stringify(arg, null, 4);","                }).join(' ') + '\\n';","                // scroll textarea to bottom","                element.scrollTop = element.scrollHeight;","            };","        });","        // init event-handling","        ['change', 'click', 'keyup'].forEach(function (event) {","            Array.from(document.querySelectorAll('.on' + event)).forEach(function (element) {","                element.addEventListener(event, local.testRunBrowser);","            });","        });","        // run tests","        local.testRunBrowser();","        break;","","","","    // run node js-env code - post-init","    /* istanbul ignore next */","    case 'node':","        // export local","        module.exports = local;","        // require modules","        local.fs = require('fs');","        local.http = require('http');","        local.url = require('url');","        // init assets","        local.assetsDict = local.assetsDict || {};","        /* jslint-ignore-begin */","        local.assetsDict['/assets.index.template.html'] = '\\","<!doctype html>\\n\\","<html lang=\"en\">\\n\\","<head>\\n\\","<meta charset=\"UTF-8\">\\n\\","<meta name=\"viewport\" content=\"width=device-width, initial-scale=1\">\\n\\","<title>{{env.npm_package_name}} (v{{env.npm_package_version}})</title>\\n\\","<style>\\n\\","/*csslint\\n\\","    box-sizing: false,\\n\\","    universal-selector: false\\n\\","*/\\n\\","* {\\n\\","    box-sizing: border-box;\\n\\","}\\n\\","body {\\n\\","    background: #dde;\\n\\","    font-family: Arial, Helvetica, sans-serif;\\n\\","    margin: 2rem;\\n\\","}\\n\\","body > * {\\n\\","    margin-bottom: 1rem;\\n\\","}\\n\\",".utility2FooterDiv {\\n\\","    margin-top: 20px;\\n\\","    text-align: center;\\n\\","}\\n\\","</style>\\n\\","<style>\\n\\","/*csslint\\n\\","*/\\n\\","textarea {\\n\\","    font-family: monospace;\\n\\","    height: 10rem;\\n\\","    width: 100%;\\n\\","}\\n\\","textarea[readonly] {\\n\\","    background: #ddd;\\n\\","}\\n\\","</style>\\n\\","</head>\\n\\","<body>\\n\\","<!-- utility2-comment\\n\\","<div id=\"ajaxProgressDiv1\" style=\"background: #d00; height: 2px; left: 0; margin: 0; padding: 0; position: fixed; top: 0; transition: background 0.5s, width 1.5s; width: 25%;\"></div>\\n\\","utility2-comment -->\\n\\","<h1>\\n\\","<!-- utility2-comment\\n\\","    <a\\n\\","        {{#if env.npm_package_homepage}}\\n\\","        href=\"{{env.npm_package_homepage}}\"\\n\\","        {{/if env.npm_package_homepage}}\\n\\","        target=\"_blank\"\\n\\","    >\\n\\","utility2-comment -->\\n\\","        {{env.npm_package_name}} (v{{env.npm_package_version}})\\n\\","<!-- utility2-comment\\n\\","    </a>\\n\\","utility2-comment -->\\n\\","</h1>\\n\\","<h3>{{env.npm_package_description}}</h3>\\n\\","<!-- utility2-comment\\n\\","<h4><a download href=\"assets.app.js\">download standalone app</a></h4>\\n\\","<button class=\"onclick onreset\" id=\"testRunButton1\">run internal test</button><br>\\n\\","<div id=\"testReportDiv1\" style=\"display: none;\"></div>\\n\\","utility2-comment -->\\n\\","\\n\\","\\n\\","\\n\\","<label>stderr and stdout</label>\\n\\","<textarea class=\"resettable\" id=\"outputTextareaStdout1\" readonly></textarea>\\n\\","<!-- utility2-comment\\n\\","{{#if isRollup}}\\n\\","<script src=\"assets.app.js\"></script>\\n\\","{{#unless isRollup}}\\n\\","utility2-comment -->\\n\\","<script src=\"assets.utility2.rollup.js\"></script>\\n\\","<script src=\"jsonp.utility2._stateInit?callback=window.utility2._stateInit\"></script>\\n\\","<script src=\"assets.npmtest_winston_daily_rotate_file.rollup.js\"></script>\\n\\","<script src=\"assets.example.js\"></script>\\n\\","<script src=\"assets.test.js\"></script>\\n\\","<!-- utility2-comment\\n\\","{{/if isRollup}}\\n\\","utility2-comment -->\\n\\","<div class=\"utility2FooterDiv\">\\n\\","    [ this app was created with\\n\\","    <a href=\"https://github.com/kaizhu256/node-utility2\" target=\"_blank\">utility2</a>\\n\\","    ]\\n\\","</div>\\n\\","</body>\\n\\","</html>\\n\\","';","        /* jslint-ignore-end */","        if (local.templateRender) {","            local.assetsDict['/'] = local.templateRender(","                local.assetsDict['/assets.index.template.html'],","                {","                    env: local.objectSetDefault(local.env, {","                        npm_package_description: 'the greatest app in the world!',","                        npm_package_name: 'my-app',","                        npm_package_nameAlias: 'my_app',","                        npm_package_version: '0.0.1'","                    })","                }","            );","        } else {","            local.assetsDict['/'] = local.assetsDict['/assets.index.template.html']","                .replace((/\\{\\{env\\.(\\w+?)\\}\\}/g), function (match0, match1) {","                    // jslint-hack","                    String(match0);","                    switch (match1) {","                    case 'npm_package_description':","                        return 'the greatest app in the world!';","                    case 'npm_package_name':","                        return 'my-app';","                    case 'npm_package_nameAlias':","                        return 'my_app';","                    case 'npm_package_version':","                        return '0.0.1';","                    }","                });","        }","        // run the cli","        if (local.global.utility2_rollup || module !== require.main) {","            break;","        }","        local.assetsDict['/assets.example.js'] =","            local.assetsDict['/assets.example.js'] ||","            local.fs.readFileSync(__filename, 'utf8');","        // bug-workaround - long $npm_package_buildCustomOrg","        /* jslint-ignore-begin */","        local.assetsDict['/assets.npmtest_winston_daily_rotate_file.rollup.js'] =","            local.assetsDict['/assets.npmtest_winston_daily_rotate_file.rollup.js'] ||","            local.fs.readFileSync(","                local.npmtest_winston_daily_rotate_file.__dirname + '/lib.npmtest_winston_daily_rotate_file.js',","                'utf8'","            ).replace((/^#!/), '//');","        /* jslint-ignore-end */","        local.assetsDict['/favicon.ico'] = local.assetsDict['/favicon.ico'] || '';","        // if $npm_config_timeout_exit exists,","        // then exit this process after $npm_config_timeout_exit ms","        if (Number(process.env.npm_config_timeout_exit)) {","            setTimeout(process.exit, Number(process.env.npm_config_timeout_exit));","        }","        // start server","        if (local.global.utility2_serverHttp1) {","            break;","        }","        process.env.PORT = process.env.PORT || '8081';","        console.error('server starting on port ' + process.env.PORT);","        local.http.createServer(function (request, response) {","            request.urlParsed = local.url.parse(request.url);","            if (local.assetsDict[request.urlParsed.pathname] !== undefined) {","                response.end(local.assetsDict[request.urlParsed.pathname]);","                return;","            }","            response.statusCode = 404;","            response.end();","        }).listen(process.env.PORT);","        break;","    }","}());",""],"l":{"26":2,"28":2,"33":2,"35":2,"37":2,"38":2,"39":2,"44":1,"51":2,"55":2,"59":2,"61":2,"69":1,"70":2,"76":2,"79":2,"82":2,"83":2,"85":1,"89":2,"92":1,"93":1,"94":1,"96":1,"97":1,"100":1,"101":1,"103":1,"106":1,"108":2,"114":1,"116":1,"118":1,"123":1,"124":2,"125":2,"126":3,"127":3,"128":3,"129":3,"130":1,"133":3,"134":3,"139":3,"143":1,"144":3,"145":1,"149":1,"150":1,"158":1,"160":1,"161":1,"162":1,"164":1,"166":1,"258":1,"259":1,"271":1,"274":6,"275":6,"277":1,"279":2,"281":1,"283":2,"288":1,"289":1,"291":1,"296":1,"303":1,"306":1,"307":1,"310":1,"311":1,"313":1,"314":1,"315":1,"316":1,"317":1,"318":1,"319":1,"321":1,"322":1,"324":1}},"/home/travis/build/npmtest/node-npmtest-winston-daily-rotate-file/node_modules/winston-daily-rotate-file/index.js":{"path":"/home/travis/build/npmtest/node-npmtest-winston-daily-rotate-file/node_modules/winston-daily-rotate-file/index.js","s":{"1":1,"2":1,"3":1,"4":1,"5":1,"6":1,"7":1,"8":1,"9":1,"10":1,"11":1,"12":0,"13":1,"14":0,"15":0,"16":0,"17":0,"18":0,"19":0,"20":0,"21":0,"22":0,"23":0,"24":0,"25":0,"26":0,"27":0,"28":0,"29":0,"30":0,"31":0,"32":0,"33":0,"34":0,"35":0,"36":0,"37":0,"38":0,"39":0,"40":0,"41":0,"42":0,"43":0,"44":0,"45":0,"46":0,"47":0,"48":0,"49":0,"50":0,"51":0,"52":0,"53":0,"54":0,"55":0,"56":0,"57":0,"58":0,"59":0,"60":0,"61":0,"62":0,"63":0,"64":0,"65":0,"66":0,"67":0,"68":0,"69":0,"70":0,"71":0,"72":0,"73":0,"74":0,"75":0,"76":0,"77":0,"78":0,"79":0,"80":0,"81":0,"82":0,"83":0,"84":0,"85":0,"86":0,"87":1,"88":1,"89":1,"90":1,"91":0,"92":0,"93":0,"94":0,"95":0,"96":0,"97":0,"98":0,"99":0,"100":0,"101":0,"102":0,"103":0,"104":0,"105":0,"106":1,"107":0,"108":0,"109":0,"110":0,"111":0,"112":0,"113":0,"114":1,"115":0,"116":0,"117":0,"118":0,"119":0,"120":0,"121":0,"122":0,"123":0,"124":0,"125":0,"126":0,"127":0,"128":0,"129":0,"130":0,"131":0,"132":0,"133":0,"134":0,"135":0,"136":0,"137":0,"138":0,"139":0,"140":0,"141":0,"142":0,"143":0,"144":0,"145":0,"146":1,"147":0,"148":0,"149":0,"150":0,"151":0,"152":0,"153":1,"154":0,"155":0,"156":0,"157":0,"158":0,"159":0,"160":0,"161":0,"162":0,"163":0,"164":1,"165":0,"166":0,"167":0,"168":0,"169":0,"170":0,"171":0,"172":0,"173":1,"174":0,"175":0,"176":0,"177":0,"178":0,"179":0,"180":0,"181":0,"182":0,"183":0,"184":0,"185":0,"186":0,"187":0,"188":0,"189":1,"190":0,"191":0,"192":0,"193":0,"194":0,"195":0,"196":1,"197":0,"198":0,"199":0,"200":0,"201":0,"202":0,"203":0,"204":1,"205":0,"206":0,"207":0,"208":0,"209":0,"210":0,"211":0,"212":0,"213":0,"214":0,"215":0,"216":1,"217":0,"218":0,"219":0,"220":0,"221":1,"222":0,"223":0,"224":0,"225":0,"226":0,"227":0,"228":0,"229":0,"230":0,"231":0,"232":0,"233":0,"234":0,"235":0,"236":0,"237":0,"238":0,"239":0,"240":0,"241":1,"242":0,"243":0,"244":0,"245":0,"246":0,"247":0,"248":0,"249":0,"250":0,"251":0,"252":0,"253":0,"254":0,"255":0,"256":0,"257":0,"258":0,"259":0,"260":0,"261":0,"262":0,"263":0,"264":0,"265":0,"266":0,"267":1,"268":0,"269":0,"270":0,"271":0,"272":0,"273":0,"274":0,"275":0,"276":0,"277":0,"278":0,"279":0,"280":0,"281":0,"282":0,"283":0,"284":0,"285":0,"286":0,"287":1,"288":0,"289":0,"290":0,"291":0,"292":0,"293":0,"294":0,"295":1,"296":0,"297":0,"298":0,"299":0,"300":0,"301":0,"302":1,"303":0,"304":0,"305":0,"306":0,"307":0,"308":0,"309":0,"310":0,"311":0,"312":0,"313":0,"314":1,"315":0,"316":0,"317":0,"318":0,"319":0,"320":0,"321":0,"322":0,"323":0,"324":0,"325":0,"326":0,"327":0,"328":0,"329":0,"330":0,"331":0,"332":0,"333":0,"334":0,"335":0,"336":0,"337":0,"338":0,"339":0,"340":0},"b":{"1":[0,0],"2":[0,0],"3":[0,0],"4":[0,0],"5":[0,0],"6":[0,0],"7":[0,0],"8":[0,0],"9":[0,0],"10":[0,0],"11":[0,0],"12":[0,0],"13":[0,0],"14":[0,0],"15":[0,0],"16":[0,0],"17":[0,0],"18":[0,0],"19":[0,0],"20":[0,0],"21":[0,0],"22":[0,0],"23":[0,0],"24":[0,0],"25":[0,0],"26":[0,0],"27":[0,0],"28":[0,0],"29":[0,0],"30":[0,0],"31":[0,0],"32":[0,0],"33":[0,0],"34":[0,0],"35":[0,0],"36":[0,0],"37":[0,0],"38":[0,0],"39":[0,0],"40":[0,0],"41":[0,0],"42":[0,0],"43":[0,0],"44":[0,0],"45":[0,0],"46":[0,0],"47":[0,0],"48":[0,0],"49":[0,0],"50":[0,0],"51":[0,0],"52":[0,0,0,0],"53":[0,0],"54":[0,0],"55":[0,0],"56":[0,0],"57":[0,0],"58":[0,0,0,0],"59":[0,0],"60":[0,0],"61":[0,0],"62":[0,0],"63":[0,0],"64":[0,0],"65":[0,0],"66":[0,0],"67":[0,0],"68":[0,0,0],"69":[0,0],"70":[0,0],"71":[0,0],"72":[0,0],"73":[0,0],"74":[0,0],"75":[0,0],"76":[0,0],"77":[0,0],"78":[0,0],"79":[0,0],"80":[0,0],"81":[0,0],"82":[0,0],"83":[0,0,0,0,0],"84":[0,0],"85":[0,0,0,0],"86":[0,0],"87":[0,0,0],"88":[0,0],"89":[0,0],"90":[0,0],"91":[0,0],"92":[0,0],"93":[0,0],"94":[0,0],"95":[0,0],"96":[0,0],"97":[0,0],"98":[0,0],"99":[0,0],"100":[0,0],"101":[0,0],"102":[0,0],"103":[0,0]},"f":{"1":0,"2":0,"3":0,"4":0,"5":0,"6":0,"7":0,"8":0,"9":0,"10":0,"11":0,"12":0,"13":0,"14":0,"15":0,"16":0,"17":0,"18":0,"19":0,"20":0,"21":0,"22":0,"23":0,"24":0,"25":0,"26":0,"27":0,"28":0,"29":0,"30":0,"31":0,"32":0,"33":0,"34":0,"35":0,"36":0,"37":0,"38":0,"39":0,"40":0,"41":0,"42":0,"43":0,"44":0,"45":0,"46":0},"fnMap":{"1":{"name":"(anonymous_1)","line":21,"loc":{"start":{"line":21,"column":39},"end":{"line":21,"column":58}}},"2":{"name":"throwIf","line":28,"loc":{"start":{"line":28,"column":2},"end":{"line":28,"column":46}}},"3":{"name":"(anonymous_3)","line":29,"loc":{"start":{"line":29,"column":53},"end":{"line":29,"column":69}}},"4":{"name":"(anonymous_4)","line":53,"loc":{"start":{"line":53,"column":29},"end":{"line":53,"column":46}}},"5":{"name":"(anonymous_5)","line":104,"loc":{"start":{"line":104,"column":23},"end":{"line":104,"column":35}}},"6":{"name":"(anonymous_6)","line":109,"loc":{"start":{"line":109,"column":51},"end":{"line":109,"column":67}}},"7":{"name":"(anonymous_7)","line":111,"loc":{"start":{"line":111,"column":26},"end":{"line":111,"column":42}}},"8":{"name":"(anonymous_8)","line":116,"loc":{"start":{"line":116,"column":27},"end":{"line":116,"column":43}}},"9":{"name":"(anonymous_9)","line":118,"loc":{"start":{"line":118,"column":15},"end":{"line":118,"column":28}}},"10":{"name":"(anonymous_10)","line":135,"loc":{"start":{"line":135,"column":12},"end":{"line":135,"column":32}}},"11":{"name":"(anonymous_11)","line":144,"loc":{"start":{"line":144,"column":26},"end":{"line":144,"column":38}}},"12":{"name":"(anonymous_12)","line":166,"loc":{"start":{"line":166,"column":43},"end":{"line":166,"column":57}}},"13":{"name":"(anonymous_13)","line":196,"loc":{"start":{"line":196,"column":32},"end":{"line":196,"column":70}}},"14":{"name":"(anonymous_14)","line":232,"loc":{"start":{"line":232,"column":14},"end":{"line":232,"column":29}}},"15":{"name":"(anonymous_15)","line":260,"loc":{"start":{"line":260,"column":35},"end":{"line":260,"column":61}}},"16":{"name":"(anonymous_16)","line":270,"loc":{"start":{"line":270,"column":38},"end":{"line":270,"column":50}}},"17":{"name":"(anonymous_17)","line":283,"loc":{"start":{"line":283,"column":34},"end":{"line":283,"column":63}}},"18":{"name":"(anonymous_18)","line":300,"loc":{"start":{"line":300,"column":21},"end":{"line":300,"column":36}}},"19":{"name":"(anonymous_19)","line":310,"loc":{"start":{"line":310,"column":20},"end":{"line":310,"column":36}}},"20":{"name":"(anonymous_20)","line":325,"loc":{"start":{"line":325,"column":21},"end":{"line":325,"column":33}}},"21":{"name":"add","line":337,"loc":{"start":{"line":337,"column":2},"end":{"line":337,"column":30}}},"22":{"name":"push","line":350,"loc":{"start":{"line":350,"column":2},"end":{"line":350,"column":21}}},"23":{"name":"(anonymous_23)","line":360,"loc":{"start":{"line":360,"column":29},"end":{"line":360,"column":44}}},"24":{"name":"check","line":369,"loc":{"start":{"line":369,"column":2},"end":{"line":369,"column":22}}},"25":{"name":"(anonymous_25)","line":393,"loc":{"start":{"line":393,"column":35},"end":{"line":393,"column":54}}},"26":{"name":"(anonymous_26)","line":403,"loc":{"start":{"line":403,"column":41},"end":{"line":403,"column":62}}},"27":{"name":"(anonymous_27)","line":430,"loc":{"start":{"line":430,"column":33},"end":{"line":430,"column":53}}},"28":{"name":"(anonymous_28)","line":459,"loc":{"start":{"line":459,"column":34},"end":{"line":459,"column":46}}},"29":{"name":"(anonymous_29)","line":466,"loc":{"start":{"line":466,"column":31},"end":{"line":466,"column":43}}},"30":{"name":"(anonymous_30)","line":478,"loc":{"start":{"line":478,"column":34},"end":{"line":478,"column":46}}},"31":{"name":"(anonymous_31)","line":485,"loc":{"start":{"line":485,"column":23},"end":{"line":485,"column":39}}},"32":{"name":"(anonymous_32)","line":489,"loc":{"start":{"line":489,"column":21},"end":{"line":489,"column":33}}},"33":{"name":"(anonymous_33)","line":505,"loc":{"start":{"line":505,"column":29},"end":{"line":505,"column":41}}},"34":{"name":"(anonymous_34)","line":516,"loc":{"start":{"line":516,"column":42},"end":{"line":516,"column":54}}},"35":{"name":"checkFile","line":520,"loc":{"start":{"line":520,"column":3},"end":{"line":520,"column":30}}},"36":{"name":"createAndFlush","line":526,"loc":{"start":{"line":526,"column":4},"end":{"line":526,"column":34}}},"37":{"name":"(anonymous_37)","line":537,"loc":{"start":{"line":537,"column":31},"end":{"line":537,"column":48}}},"38":{"name":"(anonymous_38)","line":558,"loc":{"start":{"line":558,"column":25},"end":{"line":558,"column":37}}},"39":{"name":"compressFile","line":578,"loc":{"start":{"line":578,"column":4},"end":{"line":578,"column":28}}},"40":{"name":"(anonymous_40)","line":592,"loc":{"start":{"line":592,"column":22},"end":{"line":592,"column":44}}},"41":{"name":"(anonymous_41)","line":630,"loc":{"start":{"line":630,"column":37},"end":{"line":630,"column":52}}},"42":{"name":"(anonymous_42)","line":683,"loc":{"start":{"line":683,"column":41},"end":{"line":683,"column":53}}},"43":{"name":"(anonymous_43)","line":704,"loc":{"start":{"line":704,"column":39},"end":{"line":704,"column":51}}},"44":{"name":"(anonymous_44)","line":710,"loc":{"start":{"line":710,"column":31},"end":{"line":710,"column":43}}},"45":{"name":"(anonymous_45)","line":722,"loc":{"start":{"line":722,"column":48},"end":{"line":722,"column":60}}},"46":{"name":"(anonymous_46)","line":743,"loc":{"start":{"line":743,"column":37},"end":{"line":743,"column":57}}}},"statementMap":{"1":{"start":{"line":3,"column":0},"end":{"line":3,"column":23}},"2":{"start":{"line":4,"column":0},"end":{"line":4,"column":27}},"3":{"start":{"line":5,"column":0},"end":{"line":5,"column":27}},"4":{"start":{"line":6,"column":0},"end":{"line":6,"column":51}},"5":{"start":{"line":7,"column":0},"end":{"line":7,"column":45}},"6":{"start":{"line":8,"column":0},"end":{"line":8,"column":38}},"7":{"start":{"line":9,"column":0},"end":{"line":9,"column":23}},"8":{"start":{"line":10,"column":0},"end":{"line":10,"column":33}},"9":{"start":{"line":11,"column":0},"end":{"line":11,"column":27}},"10":{"start":{"line":13,"column":0},"end":{"line":13,"column":64}},"11":{"start":{"line":21,"column":0},"end":{"line":170,"column":2}},"12":{"start":{"line":22,"column":2},"end":{"line":22,"column":32}},"13":{"start":{"line":28,"column":2},"end":{"line":34,"column":3}},"14":{"start":{"line":29,"column":4},"end":{"line":33,"column":7}},"15":{"start":{"line":30,"column":6},"end":{"line":32,"column":7}},"16":{"start":{"line":31,"column":8},"end":{"line":31,"column":78}},"17":{"start":{"line":36,"column":2},"end":{"line":65,"column":3}},"18":{"start":{"line":37,"column":4},"end":{"line":37,"column":45}},"19":{"start":{"line":38,"column":4},"end":{"line":40,"column":20}},"20":{"start":{"line":42,"column":4},"end":{"line":42,"column":69}},"21":{"start":{"line":43,"column":4},"end":{"line":43,"column":51}},"22":{"start":{"line":48,"column":4},"end":{"line":48,"column":66}},"23":{"start":{"line":49,"column":9},"end":{"line":65,"column":3}},"24":{"start":{"line":50,"column":4},"end":{"line":50,"column":45}},"25":{"start":{"line":51,"column":4},"end":{"line":51,"column":34}},"26":{"start":{"line":52,"column":4},"end":{"line":52,"column":20}},"27":{"start":{"line":53,"column":4},"end":{"line":55,"column":7}},"28":{"start":{"line":54,"column":6},"end":{"line":54,"column":32}},"29":{"start":{"line":62,"column":4},"end":{"line":62,"column":43}},"30":{"start":{"line":64,"column":4},"end":{"line":64,"column":70}},"31":{"start":{"line":67,"column":2},"end":{"line":67,"column":37}},"32":{"start":{"line":68,"column":2},"end":{"line":68,"column":44}},"33":{"start":{"line":69,"column":2},"end":{"line":69,"column":41}},"34":{"start":{"line":70,"column":2},"end":{"line":70,"column":43}},"35":{"start":{"line":71,"column":2},"end":{"line":71,"column":43}},"36":{"start":{"line":72,"column":2},"end":{"line":72,"column":37}},"37":{"start":{"line":73,"column":2},"end":{"line":73,"column":50}},"38":{"start":{"line":74,"column":2},"end":{"line":74,"column":78}},"39":{"start":{"line":75,"column":2},"end":{"line":75,"column":78}},"40":{"start":{"line":76,"column":2},"end":{"line":76,"column":79}},"41":{"start":{"line":77,"column":2},"end":{"line":77,"column":37}},"42":{"start":{"line":78,"column":2},"end":{"line":78,"column":35}},"43":{"start":{"line":79,"column":2},"end":{"line":79,"column":44}},"44":{"start":{"line":80,"column":2},"end":{"line":80,"column":42}},"45":{"start":{"line":81,"column":2},"end":{"line":81,"column":46}},"46":{"start":{"line":82,"column":2},"end":{"line":82,"column":54}},"47":{"start":{"line":84,"column":2},"end":{"line":86,"column":3}},"48":{"start":{"line":85,"column":4},"end":{"line":85,"column":39}},"49":{"start":{"line":93,"column":2},"end":{"line":93,"column":17}},"50":{"start":{"line":94,"column":2},"end":{"line":94,"column":20}},"51":{"start":{"line":95,"column":2},"end":{"line":95,"column":20}},"52":{"start":{"line":96,"column":2},"end":{"line":96,"column":25}},"53":{"start":{"line":97,"column":2},"end":{"line":97,"column":21}},"54":{"start":{"line":98,"column":2},"end":{"line":98,"column":24}},"55":{"start":{"line":104,"column":2},"end":{"line":126,"column":17}},"56":{"start":{"line":107,"column":4},"end":{"line":124,"column":5}},"57":{"start":{"line":108,"column":6},"end":{"line":123,"column":7}},"58":{"start":{"line":109,"column":8},"end":{"line":120,"column":11}},"59":{"start":{"line":110,"column":10},"end":{"line":110,"column":47}},"60":{"start":{"line":112,"column":10},"end":{"line":115,"column":12}},"61":{"start":{"line":117,"column":10},"end":{"line":117,"column":33}},"62":{"start":{"line":119,"column":10},"end":{"line":119,"column":24}},"63":{"start":{"line":125,"column":4},"end":{"line":125,"column":14}},"64":{"start":{"line":128,"column":2},"end":{"line":128,"column":37}},"65":{"start":{"line":129,"column":2},"end":{"line":129,"column":39}},"66":{"start":{"line":130,"column":2},"end":{"line":130,"column":37}},"67":{"start":{"line":131,"column":2},"end":{"line":131,"column":37}},"68":{"start":{"line":132,"column":2},"end":{"line":132,"column":41}},"69":{"start":{"line":133,"column":2},"end":{"line":133,"column":48}},"70":{"start":{"line":134,"column":2},"end":{"line":134,"column":52}},"71":{"start":{"line":135,"column":2},"end":{"line":142,"column":4}},"72":{"start":{"line":136,"column":4},"end":{"line":136,"column":22}},"73":{"start":{"line":137,"column":4},"end":{"line":137,"column":19}},"74":{"start":{"line":138,"column":4},"end":{"line":140,"column":5}},"75":{"start":{"line":139,"column":6},"end":{"line":139,"column":22}},"76":{"start":{"line":141,"column":4},"end":{"line":141,"column":15}},"77":{"start":{"line":144,"column":2},"end":{"line":169,"column":4}},"78":{"start":{"line":146,"column":4},"end":{"line":146,"column":39}},"79":{"start":{"line":147,"column":4},"end":{"line":147,"column":41}},"80":{"start":{"line":148,"column":4},"end":{"line":148,"column":39}},"81":{"start":{"line":149,"column":4},"end":{"line":149,"column":39}},"82":{"start":{"line":150,"column":4},"end":{"line":150,"column":43}},"83":{"start":{"line":151,"column":4},"end":{"line":151,"column":50}},"84":{"start":{"line":153,"column":4},"end":{"line":165,"column":6}},"85":{"start":{"line":166,"column":4},"end":{"line":168,"column":7}},"86":{"start":{"line":167,"column":6},"end":{"line":167,"column":66}},"87":{"start":{"line":175,"column":0},"end":{"line":175,"column":42}},"88":{"start":{"line":181,"column":0},"end":{"line":181,"column":53}},"89":{"start":{"line":186,"column":0},"end":{"line":186,"column":51}},"90":{"start":{"line":196,"column":0},"end":{"line":252,"column":2}},"91":{"start":{"line":197,"column":2},"end":{"line":199,"column":3}},"92":{"start":{"line":198,"column":4},"end":{"line":198,"column":32}},"93":{"start":{"line":206,"column":2},"end":{"line":208,"column":3}},"94":{"start":{"line":207,"column":4},"end":{"line":207,"column":66}},"95":{"start":{"line":210,"column":2},"end":{"line":210,"column":18}},"96":{"start":{"line":212,"column":2},"end":{"line":227,"column":16}},"97":{"start":{"line":229,"column":2},"end":{"line":229,"column":30}},"98":{"start":{"line":231,"column":2},"end":{"line":251,"column":3}},"99":{"start":{"line":232,"column":4},"end":{"line":242,"column":7}},"100":{"start":{"line":233,"column":6},"end":{"line":238,"column":7}},"101":{"start":{"line":237,"column":8},"end":{"line":237,"column":53}},"102":{"start":{"line":240,"column":6},"end":{"line":240,"column":36}},"103":{"start":{"line":241,"column":6},"end":{"line":241,"column":24}},"104":{"start":{"line":249,"column":4},"end":{"line":249,"column":34}},"105":{"start":{"line":250,"column":4},"end":{"line":250,"column":22}},"106":{"start":{"line":260,"column":0},"end":{"line":275,"column":2}},"107":{"start":{"line":264,"column":2},"end":{"line":264,"column":37}},"108":{"start":{"line":265,"column":2},"end":{"line":267,"column":3}},"109":{"start":{"line":266,"column":4},"end":{"line":266,"column":11}},"110":{"start":{"line":269,"column":2},"end":{"line":273,"column":3}},"111":{"start":{"line":270,"column":4},"end":{"line":272,"column":7}},"112":{"start":{"line":271,"column":6},"end":{"line":271,"column":27}},"113":{"start":{"line":274,"column":2},"end":{"line":274,"column":23}},"114":{"start":{"line":283,"column":0},"end":{"line":386,"column":2}},"115":{"start":{"line":284,"column":2},"end":{"line":287,"column":3}},"116":{"start":{"line":285,"column":4},"end":{"line":285,"column":23}},"117":{"start":{"line":286,"column":4},"end":{"line":286,"column":17}},"118":{"start":{"line":290,"column":2},"end":{"line":290,"column":58}},"119":{"start":{"line":291,"column":2},"end":{"line":291,"column":41}},"120":{"start":{"line":292,"column":2},"end":{"line":292,"column":16}},"121":{"start":{"line":293,"column":2},"end":{"line":293,"column":19}},"122":{"start":{"line":294,"column":2},"end":{"line":294,"column":14}},"123":{"start":{"line":296,"column":2},"end":{"line":298,"column":5}},"124":{"start":{"line":300,"column":2},"end":{"line":308,"column":5}},"125":{"start":{"line":301,"column":4},"end":{"line":303,"column":5}},"126":{"start":{"line":302,"column":6},"end":{"line":302,"column":23}},"127":{"start":{"line":304,"column":4},"end":{"line":306,"column":5}},"128":{"start":{"line":305,"column":6},"end":{"line":305,"column":13}},"129":{"start":{"line":307,"column":4},"end":{"line":307,"column":75}},"130":{"start":{"line":310,"column":2},"end":{"line":323,"column":5}},"131":{"start":{"line":311,"column":4},"end":{"line":311,"column":38}},"132":{"start":{"line":312,"column":4},"end":{"line":312,"column":28}},"133":{"start":{"line":313,"column":4},"end":{"line":313,"column":14}},"134":{"start":{"line":315,"column":4},"end":{"line":320,"column":5}},"135":{"start":{"line":316,"column":6},"end":{"line":318,"column":7}},"136":{"start":{"line":317,"column":8},"end":{"line":317,"column":21}},"137":{"start":{"line":319,"column":6},"end":{"line":319,"column":12}},"138":{"start":{"line":322,"column":4},"end":{"line":322,"column":19}},"139":{"start":{"line":325,"column":2},"end":{"line":335,"column":5}},"140":{"start":{"line":326,"column":4},"end":{"line":328,"column":5}},"141":{"start":{"line":327,"column":6},"end":{"line":327,"column":22}},"142":{"start":{"line":329,"column":4},"end":{"line":331,"column":5}},"143":{"start":{"line":330,"column":6},"end":{"line":330,"column":34}},"144":{"start":{"line":332,"column":4},"end":{"line":334,"column":5}},"145":{"start":{"line":333,"column":6},"end":{"line":333,"column":30}},"146":{"start":{"line":337,"column":2},"end":{"line":348,"column":3}},"147":{"start":{"line":338,"column":4},"end":{"line":347,"column":5}},"148":{"start":{"line":339,"column":6},"end":{"line":339,"column":33}},"149":{"start":{"line":340,"column":6},"end":{"line":342,"column":7}},"150":{"start":{"line":341,"column":8},"end":{"line":341,"column":18}},"151":{"start":{"line":344,"column":6},"end":{"line":346,"column":7}},"152":{"start":{"line":345,"column":8},"end":{"line":345,"column":32}},"153":{"start":{"line":350,"column":2},"end":{"line":367,"column":3}},"154":{"start":{"line":351,"column":4},"end":{"line":356,"column":5}},"155":{"start":{"line":352,"column":6},"end":{"line":354,"column":7}},"156":{"start":{"line":353,"column":8},"end":{"line":353,"column":25}},"157":{"start":{"line":355,"column":6},"end":{"line":355,"column":13}},"158":{"start":{"line":358,"column":4},"end":{"line":364,"column":5}},"159":{"start":{"line":359,"column":6},"end":{"line":359,"column":19}},"160":{"start":{"line":360,"column":6},"end":{"line":362,"column":9}},"161":{"start":{"line":361,"column":8},"end":{"line":361,"column":28}},"162":{"start":{"line":363,"column":6},"end":{"line":363,"column":16}},"163":{"start":{"line":366,"column":4},"end":{"line":366,"column":22}},"164":{"start":{"line":369,"column":2},"end":{"line":385,"column":3}},"165":{"start":{"line":370,"column":4},"end":{"line":372,"column":5}},"166":{"start":{"line":371,"column":6},"end":{"line":371,"column":13}},"167":{"start":{"line":374,"column":4},"end":{"line":376,"column":5}},"168":{"start":{"line":375,"column":6},"end":{"line":375,"column":13}},"169":{"start":{"line":378,"column":4},"end":{"line":378,"column":39}},"170":{"start":{"line":379,"column":4},"end":{"line":382,"column":5}},"171":{"start":{"line":381,"column":6},"end":{"line":381,"column":13}},"172":{"start":{"line":384,"column":4},"end":{"line":384,"column":16}},"173":{"start":{"line":393,"column":0},"end":{"line":422,"column":2}},"174":{"start":{"line":394,"column":2},"end":{"line":394,"column":58}},"175":{"start":{"line":395,"column":2},"end":{"line":395,"column":26}},"176":{"start":{"line":396,"column":2},"end":{"line":396,"column":28}},"177":{"start":{"line":398,"column":2},"end":{"line":401,"column":4}},"178":{"start":{"line":403,"column":2},"end":{"line":415,"column":5}},"179":{"start":{"line":404,"column":4},"end":{"line":406,"column":5}},"180":{"start":{"line":405,"column":6},"end":{"line":405,"column":39}},"181":{"start":{"line":408,"column":4},"end":{"line":414,"column":5}},"182":{"start":{"line":409,"column":6},"end":{"line":409,"column":32}},"183":{"start":{"line":410,"column":6},"end":{"line":410,"column":30}},"184":{"start":{"line":411,"column":6},"end":{"line":411,"column":31}},"185":{"start":{"line":413,"column":6},"end":{"line":413,"column":30}},"186":{"start":{"line":417,"column":2},"end":{"line":419,"column":3}},"187":{"start":{"line":418,"column":4},"end":{"line":418,"column":20}},"188":{"start":{"line":421,"column":2},"end":{"line":421,"column":16}},"189":{"start":{"line":430,"column":0},"end":{"line":453,"column":2}},"190":{"start":{"line":431,"column":2},"end":{"line":447,"column":3}},"191":{"start":{"line":437,"column":4},"end":{"line":437,"column":26}},"192":{"start":{"line":438,"column":9},"end":{"line":447,"column":3}},"193":{"start":{"line":445,"column":4},"end":{"line":445,"column":19}},"194":{"start":{"line":446,"column":4},"end":{"line":446,"column":32}},"195":{"start":{"line":452,"column":2},"end":{"line":452,"column":13}},"196":{"start":{"line":459,"column":0},"end":{"line":471,"column":2}},"197":{"start":{"line":460,"column":2},"end":{"line":460,"column":18}},"198":{"start":{"line":462,"column":2},"end":{"line":470,"column":3}},"199":{"start":{"line":463,"column":4},"end":{"line":463,"column":23}},"200":{"start":{"line":464,"column":4},"end":{"line":464,"column":31}},"201":{"start":{"line":466,"column":4},"end":{"line":469,"column":7}},"202":{"start":{"line":467,"column":6},"end":{"line":467,"column":25}},"203":{"start":{"line":468,"column":6},"end":{"line":468,"column":26}},"204":{"start":{"line":478,"column":0},"end":{"line":509,"column":2}},"205":{"start":{"line":479,"column":2},"end":{"line":479,"column":18}},"206":{"start":{"line":485,"column":2},"end":{"line":493,"column":5}},"207":{"start":{"line":486,"column":4},"end":{"line":486,"column":22}},"208":{"start":{"line":487,"column":4},"end":{"line":487,"column":27}},"209":{"start":{"line":489,"column":4},"end":{"line":492,"column":7}},"210":{"start":{"line":490,"column":6},"end":{"line":490,"column":33}},"211":{"start":{"line":491,"column":6},"end":{"line":491,"column":31}},"212":{"start":{"line":499,"column":2},"end":{"line":499,"column":26}},"213":{"start":{"line":505,"column":2},"end":{"line":508,"column":5}},"214":{"start":{"line":506,"column":4},"end":{"line":506,"column":23}},"215":{"start":{"line":507,"column":4},"end":{"line":507,"column":24}},"216":{"start":{"line":516,"column":0},"end":{"line":623,"column":2}},"217":{"start":{"line":517,"column":2},"end":{"line":517,"column":18}},"218":{"start":{"line":518,"column":2},"end":{"line":518,"column":22}},"219":{"start":{"line":520,"column":2},"end":{"line":622,"column":22}},"220":{"start":{"line":521,"column":4},"end":{"line":521,"column":51}},"221":{"start":{"line":526,"column":4},"end":{"line":576,"column":5}},"222":{"start":{"line":527,"column":6},"end":{"line":532,"column":7}},"223":{"start":{"line":528,"column":8},"end":{"line":528,"column":71}},"224":{"start":{"line":530,"column":8},"end":{"line":530,"column":27}},"225":{"start":{"line":531,"column":8},"end":{"line":531,"column":35}},"226":{"start":{"line":534,"column":6},"end":{"line":534,"column":24}},"227":{"start":{"line":535,"column":6},"end":{"line":535,"column":29}},"228":{"start":{"line":536,"column":6},"end":{"line":536,"column":66}},"229":{"start":{"line":537,"column":6},"end":{"line":544,"column":9}},"230":{"start":{"line":538,"column":8},"end":{"line":543,"column":9}},"231":{"start":{"line":539,"column":10},"end":{"line":539,"column":31}},"232":{"start":{"line":540,"column":10},"end":{"line":540,"column":27}},"233":{"start":{"line":542,"column":10},"end":{"line":542,"column":36}},"234":{"start":{"line":551,"column":6},"end":{"line":551,"column":45}},"235":{"start":{"line":558,"column":6},"end":{"line":566,"column":9}},"236":{"start":{"line":562,"column":8},"end":{"line":562,"column":21}},"237":{"start":{"line":564,"column":8},"end":{"line":564,"column":29}},"238":{"start":{"line":565,"column":8},"end":{"line":565,"column":36}},"239":{"start":{"line":574,"column":6},"end":{"line":574,"column":19}},"240":{"start":{"line":575,"column":6},"end":{"line":575,"column":21}},"241":{"start":{"line":578,"column":4},"end":{"line":590,"column":5}},"242":{"start":{"line":579,"column":6},"end":{"line":579,"column":34}},"243":{"start":{"line":580,"column":6},"end":{"line":580,"column":28}},"244":{"start":{"line":581,"column":6},"end":{"line":589,"column":7}},"245":{"start":{"line":582,"column":8},"end":{"line":582,"column":37}},"246":{"start":{"line":584,"column":8},"end":{"line":584,"column":55}},"247":{"start":{"line":585,"column":8},"end":{"line":585,"column":56}},"248":{"start":{"line":587,"column":8},"end":{"line":587,"column":33}},"249":{"start":{"line":588,"column":8},"end":{"line":588,"column":39}},"250":{"start":{"line":592,"column":4},"end":{"line":621,"column":7}},"251":{"start":{"line":593,"column":6},"end":{"line":599,"column":7}},"252":{"start":{"line":594,"column":8},"end":{"line":596,"column":9}},"253":{"start":{"line":595,"column":10},"end":{"line":595,"column":41}},"254":{"start":{"line":598,"column":8},"end":{"line":598,"column":33}},"255":{"start":{"line":601,"column":6},"end":{"line":607,"column":7}},"256":{"start":{"line":606,"column":8},"end":{"line":606,"column":46}},"257":{"start":{"line":609,"column":6},"end":{"line":618,"column":7}},"258":{"start":{"line":610,"column":8},"end":{"line":610,"column":43}},"259":{"start":{"line":611,"column":8},"end":{"line":611,"column":45}},"260":{"start":{"line":612,"column":8},"end":{"line":612,"column":43}},"261":{"start":{"line":613,"column":8},"end":{"line":613,"column":43}},"262":{"start":{"line":614,"column":8},"end":{"line":614,"column":47}},"263":{"start":{"line":615,"column":8},"end":{"line":615,"column":54}},"264":{"start":{"line":616,"column":8},"end":{"line":616,"column":26}},"265":{"start":{"line":617,"column":8},"end":{"line":617,"column":42}},"266":{"start":{"line":620,"column":6},"end":{"line":620,"column":33}},"267":{"start":{"line":630,"column":0},"end":{"line":677,"column":2}},"268":{"start":{"line":631,"column":2},"end":{"line":631,"column":37}},"269":{"start":{"line":632,"column":2},"end":{"line":632,"column":16}},"270":{"start":{"line":634,"column":2},"end":{"line":674,"column":3}},"271":{"start":{"line":640,"column":4},"end":{"line":651,"column":5}},"272":{"start":{"line":641,"column":6},"end":{"line":641,"column":54}},"273":{"start":{"line":642,"column":6},"end":{"line":650,"column":7}},"274":{"start":{"line":643,"column":8},"end":{"line":645,"column":22}},"275":{"start":{"line":644,"column":10},"end":{"line":644,"column":59}},"276":{"start":{"line":647,"column":8},"end":{"line":649,"column":22}},"277":{"start":{"line":648,"column":10},"end":{"line":648,"column":77}},"278":{"start":{"line":653,"column":4},"end":{"line":653,"column":23}},"279":{"start":{"line":654,"column":9},"end":{"line":674,"column":3}},"280":{"start":{"line":657,"column":4},"end":{"line":659,"column":5}},"281":{"start":{"line":658,"column":6},"end":{"line":658,"column":40}},"282":{"start":{"line":664,"column":4},"end":{"line":673,"column":5}},"283":{"start":{"line":665,"column":6},"end":{"line":669,"column":7}},"284":{"start":{"line":666,"column":8},"end":{"line":666,"column":70}},"285":{"start":{"line":672,"column":6},"end":{"line":672,"column":55}},"286":{"start":{"line":676,"column":2},"end":{"line":676,"column":67}},"287":{"start":{"line":683,"column":0},"end":{"line":696,"column":2}},"288":{"start":{"line":684,"column":2},"e
[...]
 };","};","","//","// Inherit from `winston.Transport`.","//","util.inherits(DailyRotateFile, Transport);","","/**"," * Define a getter so that `winston.transports.DailyRotateFile`"," * is available and thus backwards compatible."," */","winston.transports.DailyRotateFile = DailyRotateFile;","","//","// Expose the name of this Transport on the prototype","//","DailyRotateFile.prototype.name = 'dailyRotateFile';","","//","// ### function log (level, msg, [meta], callback)","// #### @level {string} Level at which to log the message.","// #### @msg {string} Message to log","// #### @meta {Object} **Optional** Additional metadata to attach","// #### @callback {function} Continuation to respond to when complete.","// Core logging method exposed to Winston. Metadata is optional.","//","DailyRotateFile.prototype.log = function (level, msg, meta, callback) {","  if (this.silent) {","    return callback(null, true);","  }","","  //","  // If failures exceeds maxRetries then we can't access the","  // stream. In this case we need to perform a noop and return","  // an error.","  //","  if (this._failures >= this.maxRetries) {","    return callback(new Error('Transport is in a failed state.'));","  }","","  var self = this;","","  var output = common.log({","    level: level,","    message: msg,","    meta: meta,","    json: this.json,","    colorize: this.colorize,","    logstash: this.logstash,","    prettyPrint: this.prettyPrint,","    timestamp: this.timestamp,","    label: this.label,","    stringify: this.stringify,","    showLevel: this.showLevel,","    depth: this.depth,","    formatter: this.formatter,","    humanReadableUnhandledException: this.humanReadableUnhandledException","  }) + this.eol;","","  this._size += output.length;","","  if (this.filename) {","    this.open(function (err) {","      if (err) {","        //","        // If there was an error enqueue the message","        //","        return self._buffer.push([output, callback]);","      }","","      self._write(output, callback);","      self._lazyDrain();","    });","  } else {","    //","    // If there is no `filename` on this instance then it was configured","    // with a raw `WriteableStream` instance and we should not perform any","    // size restrictions.","    //","    this._write(output, callback);","    this._lazyDrain();","  }","};","","//","// ### function _write (data, cb)","// #### @data {String|Buffer} Data to write to the instance's stream.","// #### @cb {function} Continuation to respond to when complete.","// Write to the stream, ensure execution of a callback on completion.","//","DailyRotateFile.prototype._write = function (data, callback) {","  // If this is a file write stream, we could use the builtin","  // callback functionality, however, the stream is not guaranteed","  // to be an fs.WriteStream.","  var ret = this._stream.write(data);","  if (!callback) {","    return;","  }","","  if (ret === false) {","    return this._stream.once('drain', function () {","      callback(null, true);","    });","  }","  callback(null, true);","};","","//","// ### function query (options, callback)","// #### @options {Object} Loggly-like query options for this instance.","// #### @callback {function} Continuation to respond to when complete.","// Query the transport. Options object is optional.","//","DailyRotateFile.prototype.query = function (options, callback) {","  if (typeof options === 'function') {","    callback = options;","    options = {};","  }","","  // TODO when maxfilesize rotate occurs","  var file = path.join(this.dirname, this._getFilename());","  options = this.normalizeQuery(options);","  var buff = '';","  var results = [];","  var row = 0;","","  var stream = fs.createReadStream(file, {","    encoding: 'utf8'","  });","","  stream.on('error', function (err) {","    if (stream.readable) {","      stream.destroy();","    }","    if (!callback) {","      return;","    }","    return err.code === 'ENOENT' ? callback(null, results) : callback(err);","  });","","  stream.on('data', function (data) {","    data = (buff + data).split(/\\n+/);","    var l = data.length - 1;","    var i = 0;","","    for (; i < l; i++) {","      if (!options.start || row >= options.start) {","        add(data[i]);","      }","      row++;","    }","","    buff = data[l];","  });","","  stream.on('close', function () {","    if (buff) {","      add(buff, true);","    }","    if (options.order === 'desc') {","      results = results.reverse();","    }","    if (callback) {","      callback(null, results);","    }","  });","","  function add(buff, attempt) {","    try {","      var log = JSON.parse(buff);","      if (check(log)) {","        push(log);","      }","    } catch (e) {","      if (!attempt) {","        stream.emit('error', e);","      }","    }","  }","","  function push(log) {","    if (options.rows && results.length >= options.rows) {","      if (stream.readable) {","        stream.destroy();","      }","      return;","    }","","    if (options.fields) {","      var obj = {};","      options.fields.forEach(function (key) {","        obj[key] = log[key];","      });","      log = obj;","    }","","    results.push(log);","  }","","  function check(log) {","    if (!log) {","      return;","    }","","    if (typeof log !== 'object') {","      return;","    }","","    var time = new Date(log.timestamp);","    if ((options.from && time < options.from) ||","      (options.until && time > options.until)) {","      return;","    }","","    return true;","  }","};","","//","// ### function stream (options)","// #### @options {Object} Stream options for this instance.","// Returns a log stream for this transport. Options object is optional.","//","DailyRotateFile.prototype.stream = function (options) {","  var file = path.join(this.dirname, this._getFilename());","  options = options || {};","  var stream = new Stream();","","  var tail = {","    file: file,","    start: options.start","  };","","  stream.destroy = common.tailFile(tail, function (err, line) {","    if (err) {","      return stream.emit('error', err);","    }","","    try {","      stream.emit('data', line);","      line = JSON.parse(line);","      stream.emit('log', line);","    } catch (e) {","      stream.emit('error', e);","    }","  });","","  if (stream.resume) {","    stream.resume();","  }","","  return stream;","};","","//","// ### function open (callback)","// #### @callback {function} Continuation to respond to when complete","// Checks to see if a new file needs to be created based on the `maxsize`","// (if any) and the current size of the file used.","//","DailyRotateFile.prototype.open = function (callback) {","  if (this.opening) {","    //","    // If we are already attempting to open the next","    // available file then respond with a value indicating","    // that the message should be buffered.","    //","    return callback(true);","  } else if (!this._stream || (this.maxsize && this._size >= this.maxsize) ||","    this._filenameHasExpired()) {","    //","    // If we dont have a stream or have exceeded our size, then create","    // the next stream and respond with a value indicating that","    // the message should be buffered.","    //","    callback(true);","    return this._createStream();","  }","","  //","  // Otherwise we have a valid (and ready) stream.","  //","  callback();","};","","//","// ### function close ()","// Closes the stream associated with this instance.","//","DailyRotateFile.prototype.close = function () {","  var self = this;","","  if (this._stream) {","    this._stream.end();","    this._stream.destroySoon();","","    this._stream.once('drain', function () {","      self.emit('flush');","      self.emit('closed');","    });","  }","};","","//","// ### function flush ()","// Flushes any buffered messages to the current `stream`","// used by this instance.","//","DailyRotateFile.prototype.flush = function () {","  var self = this;","","  //","  // Iterate over the `_buffer` of enqueued messaged","  // and then write them to the newly created stream.","  //","  this._buffer.forEach(function (item) {","    var str = item[0];","    var callback = item[1];","","    process.nextTick(function () {","      self._write(str, callback);","      self._size += str.length;","    });","  });","","  //","  // Quickly truncate the `_buffer` once the write operations","  // have been started","  //","  self._buffer.length = 0;","","  //","  // When the stream has drained we have flushed","  // our buffer.","  //","  self._stream.once('drain', function () {","    self.emit('flush');","    self.emit('logged');","  });","};","","//","// ### @private function _createStream ()","// Attempts to open the next appropriate file for this instance","// based on the common state (such as `maxsize` and `_basename`).","//","DailyRotateFile.prototype._createStream = function () {","  var self = this;","  this.opening = true;","","  (function checkFile(target) {","    var fullname = path.join(self.dirname, target);","    //","    // Creates the `WriteStream` and then flushes any","    // buffered messages.","    //","    function createAndFlush(size) {","      if (self._stream) {","        self._archive = self.zippedArchive ? self._stream.path : false;","","        self._stream.end();","        self._stream.destroySoon();","      }","","      self._size = size;","      self.filename = target;","      self._stream = fs.createWriteStream(fullname, self.options);","      self._stream.on('error', function (error) {","        if (self._failures < self.maxRetries) {","          self._createStream();","          self._failures++;","        } else {","          self.emit('error', error);","        }","      });","","      //","      // We need to listen for drain events when","      // write() returns false. This can make node","      // mad at times.","      //","      self._stream.setMaxListeners(Infinity);","","      //","      // When the current stream has finished flushing","      // then we can be sure we have finished opening","      // and thus can emit the `open` event.","      //","      self.once('flush', function () {","        // Because \"flush\" event is based on native stream \"drain\" event,","        // logs could be written inbetween \"self.flush()\" and here","        // Therefore, we need to flush again to make sure everything is flushed","        self.flush();","","        self.opening = false;","        self.emit('open', fullname);","      });","","      //","      // Remark: It is possible that in the time it has taken to find the","      // next logfile to be written more data than `maxsize` has been buffered,","      // but for sensible limits (10s - 100s of MB) this seems unlikely in less","      // than one second.","      //","      self.flush();","      compressFile();","    }","","    function compressFile() {","      var logfile = self._archive;","      self._archive = false;","      if (logfile && fs.existsSync(String(logfile))) {","        var gzip = zlib.createGzip();","","        var inp = fs.createReadStream(String(logfile));","        var out = fs.createWriteStream(logfile + '.gz');","","        inp.pipe(gzip).pipe(out);","        fs.unlinkSync(String(logfile));","      }","    }","","    fs.stat(fullname, function (err, stats) {","      if (err) {","        if (err.code !== 'ENOENT') {","          return self.emit('error', err);","        }","","        return createAndFlush(0);","      }","","      if (!stats || (self.maxsize && stats.size >= self.maxsize)) {","        //","        // If `stats.size` is greater than the `maxsize` for","        // this instance then try again","        //","        return checkFile(self._getFile(true));","      }","","      if (self._filenameHasExpired()) {","        self._year = self._getTime('year');","        self._month = self._getTime('month');","        self._date = self._getTime('date');","        self._hour = self._getTime('hour');","        self._minute = self._getTime('minute');","        self._weekday = weekday[self._getTime('day')];","        self._created = 0;","        return checkFile(self._getFile());","      }","","      createAndFlush(stats.size);","    });","  })(this._getFile());","};","","//","// ### @private function _getFile ()","// Gets the next filename to use for this instance","// in the case that log filesizes are being capped.","//","DailyRotateFile.prototype._getFile = function (inc) {","  var filename = this._getFilename();","  var remaining;","","  if (inc) {","    //","    // Increment the number of files created or","    // checked by this instance.","    //","    // Check for maxFiles option and delete file","    if (this.maxFiles && (this._created >= (this.maxFiles - 1))) {","      remaining = this._created - (this.maxFiles - 1);","      if (remaining === 0) {","        try {","          fs.unlinkSync(path.join(this.dirname, filename));","        } catch (e) {}","      } else {","        try {","          fs.unlinkSync(path.join(this.dirname, filename + '.' + remaining));","        } catch (e) {}","      }","    }","","    this._created += 1;","  } else if (!this.maxsize) {","    //","    // If the filename does not exist in the _currentFiles array then add it.","    if (this._currentFiles.indexOf(filename) === -1) {","      this._currentFiles.push(filename);","    }","","    // While the _currentFiles array contains more file names than is configured","    // in maxFiles loop the _currentFiles array and delete the file found at el","    // 0.","    while (this.maxFiles && (this._currentFiles.length > this.maxFiles)) {","      try {","        fs.unlinkSync(path.join(this.dirname, this._currentFiles[0]));","      } catch (e) {","        // File isn't accessible, do nothing.","      }","","      // Remove the filename that was just deleted from the _currentFiles array.","      this._currentFiles = this._currentFiles.slice(1);","    }","  }","","  return this._created ? filename + '.' + this._created : filename;","};","","//","// ### @private function _getFilename ()","// Returns the log filename depending on `this.prepend` option value","//","DailyRotateFile.prototype._getFilename = function () {","  var formattedDate = this.getFormattedDate();","","  if (this.prepend) {","    if (this.datePattern === '.yyyy-MM-dd') {","      this.datePattern = 'yyyy-MM-dd.';","      formattedDate = this.getFormattedDate();","    }","","    return formattedDate + this._basename;","  }","","  return this._basename + formattedDate;","};","","//","// ### @private function _lazyDrain ()","// Lazily attempts to emit the `logged` event when `this.stream` has","// drained. This is really just a simple mutex that only works because","// Node.js is single-threaded.","//","DailyRotateFile.prototype._lazyDrain = function () {","  var self = this;","","  if (!this._draining && this._stream) {","    this._draining = true;","","    this._stream.once('drain', function () {","      this._draining = false;","      self.emit('logged');","    });","  }","};","","//","// ### @private function _filenameHasExpired ()","// Checks whether the current log file is valid","// based on given datepattern","//","DailyRotateFile.prototype._filenameHasExpired = function () {","  // searching for m is enough to say minute in date pattern","  if (this.datePattern.match(/m/)) {","    return (this._year < this._getTime('year') || this._month < this._getTime('month') || this._date < this._getTime('date') || this._hour < this._getTime('hour') || this._minute < this._getTime('minute'));","  } else if (this.datePattern.match(/H/)) {","    return (this._year < this._getTime('year') || this._month < this._getTime('month') || this._date < this._getTime('date') || this._hour < this._getTime('hour'));","  } else if (this.datePattern.match(/d/)) {","    return (this._year < this._getTime('year') || this._month < this._getTime('month') || this._date < this._getTime('date'));","  } else if (this.datePattern.match(/M/)) {","    return (this._year < this._getTime('year') || this._month < this._getTime('month'));","  } else if (this.datePattern.match(/yy/)) {","    return (this._year < this._getTime('year'));","  }","  return false;","};","","//","// ### @private function _getTime ()","// Get current date/time","// based on localTime config","//","DailyRotateFile.prototype._getTime = function (timeType) {","  var now = new Date();","","  if (this.localTime) {","    if (timeType === 'year') {","      return now.getFullYear();","    } else if (timeType === 'month') {","      return now.getMonth();","    } else if (timeType === 'date') {","      return now.getDate();","    } else if (timeType === 'hour') {","      return now.getHours();","    } else if (timeType === 'minute') {","      return now.getMinutes();","    } else if (timeType === 'day') {","      return now.getDay();","    }","  }","  if (timeType === 'year') {","    return now.getUTCFullYear();","  } else if (timeType === 'month') {","    return now.getUTCMonth();","  } else if (timeType === 'date') {","    return now.getUTCDate();","  } else if (timeType === 'hour') {","    return now.getUTCHours();","  } else if (timeType === 'minute') {","    return now.getUTCMinutes();","  } else if (timeType === 'day') {","    return now.getUTCDay();","  }","};",""],"l":{"3":1,"4":1,"5":1,"6":1,"7":1,"8":1,"9":1,"10":1,"11":1,"13":1,"21":1,"22":0,"28":1,"29":0,"30":0,"31":0,"36":0,"37":0,"38":0,"42":0,"43":0,"48":0,"49":0,"50":0,"51":0,"52":0,"53":0,"54":0,"62":0,"64":0,"67":0,"68":0,"69":0,"70":0,"71":0,"72":0,"73":0,"74":0,"75":0,"76":0,"77":0,"78":0,"79":0,"80":0,"81":0,"82":0,"84":0,"85":0,"93":0,"94":0,"95":0,"96":0,"97":0,"98":0,"104":0,"107":0,"108":0,"109":0,"110":0,"112":0,"117":0,"119":0,"125":0,"128":0,"129":0,"130":0,"131":0,"132":0,"133":0,"134":0,"135":0,"136":0,"137":0,"138":0,"139":0,"141":0,"144":0,"146":0,"147":0,"148":0,"149":0,"150":0,"151":0,"153":0,"166":0,"167":0,"175":1,"181":1,"186":1,"196":1,"197":0,"198":0,"206":0,"207":0,"210":0,"212":0,"229":0,"231":0,"232":0,"233":0,"237":0,"240":0,"241":0,"249":0,"250":0,"260":1,"264":0,"265":0,"266":0,"269":0,"270":0,"271":0,"274":0,"283":1,"284":0,"285":0,"286":0,"290":0,"291":0,"292":0,"293":0,"294":0,"296":0,"300":0,"301":0,"302":0,"304":0,"305":0,"307":0,"310":0,"311":0,"312":0,"313":0,"315":0,"316":0,"317":0,"319":0,"322":0,"325":0,"326":0,"327":0,"329":0,"330":0,"332":0,"333":0,"337":1,"338":0,"339":0,"340":0,"341":0,"344":0,"345":0,"350":1,"351":0,"352":0,"353":0,"355":0,"358":0,"359":0,"360":0,"361":0,"363":0,"366":0,"369":1,"370":0,"371":0,"374":0,"375":0,"378":0,"379":0,"381":0,"384":0,"393":1,"394":0,"395":0,"396":0,"398":0,"403":0,"404":0,"405":0,"408":0,"409":0,"410":0,"411":0,"413":0,"417":0,"418":0,"421":0,"430":1,"431":0,"437":0,"438":0,"445":0,"446":0,"452":0,"459":1,"460":0,"462":0,"463":0,"464":0,"466":0,"467":0,"468":0,"478":1,"479":0,"485":0,"486":0,"487":0,"489":0,"490":0,"491":0,"499":0,"505":0,"506":0,"507":0,"516":1,"517":0,"518":0,"520":0,"521":0,"526":1,"527":0,"528":0,"530":0,"531":0,"534":0,"535":0,"536":0,"537":0,"538":0,"539":0,"540":0,"542":0,"551":0,"558":0,"562":0,"564":0,"565":0,"574":0,"575":0,"578":1,"579":0,"580":0,"581":0,"582":0,"584":0,"585":0,"587":0,"588":0,"592":0,"593":0,"594":0,"595":0,"598":0,"601":0,"606":0,"609":0,"610":0,"611":0,"612":0,"613":0,"614":0,"615":0,"616":0,"617":0,"620":0,"630":1,"631":0,"632":0,"634":0,"640":0,"641":0,"642":0,"643":0,"644":0,"647":0,"648":0,"653":0,"654":0,"657":0,"658":0,"664":0,"665":0,"666":0,"672":0,"676":0,"683":1,"684":0,"686":0,"687":0,"688":0,"689":0,"692":0,"695":0,"704":1,"705":0,"707":0,"708":0,"710":0,"711":0,"712":0,"722":1,"724":0,"725":0,"726":0,"727":0,"728":0,"729":0,"730":0,"731":0,"732":0,"733":0,"735":0,"743":1,"744":0,"746":0,"747":0,"748":0,"749":0,"750":0,"751":0,"752":0,"753":0,"754":0,"755":0,"756":0,"757":0,"758":0,"761":0,"762":0,"763":0,"764":0,"765":0,"766":0,"767":0,"768":0,"769":0,"770":0,"771":0,"772":0}}}